[INFO] Scanning for projects...
[INFO] ------------------------------------------------------------------------
[INFO] Reactor Build Order:
[INFO] 
[INFO] dmn-check                                                          [pom]
[INFO] dmn-check-core                                                     [jar]
[INFO] dmn-check-validators                                               [jar]
[INFO] dmn-check-server                                                   [jar]
[INFO] dmn-check-plugin-base                                              [jar]
[INFO] dmn-check-maven-plugin                                    [maven-plugin]
[INFO] cli                                                                [jar]
[INFO] 
[INFO] ------------------------< de.redsix:dmn-check >-------------------------
[INFO] Building dmn-check 1.3.0-SNAPSHOT                                  [1/7]
[INFO]   from pom.xml
[INFO] --------------------------------[ pom ]---------------------------------
[INFO] 
[INFO] --- enforcer:3.1.0:enforce (enforce-maven) @ dmn-check ---
[INFO] 
[INFO] --- jacoco:0.8.8:prepare-agent (prepare-agent) @ dmn-check ---
[INFO] argLine set to -javaagent:/Users/daniel/.m2/repository/org/jacoco/org.jacoco.agent/0.8.8/org.jacoco.agent-0.8.8-runtime.jar=destfile=/Users/daniel/Documents/njit/WPI-Research/experiments-live/dmn-check-wpi/target/jacoco.exec,excludes=**/ExpressionTypes.*:**/ExpressionTypes$*.*:**/FeelExpressions.*:**/FeelExpressions$*.*:**/Eithers.*:**/Eithers$*.*
[INFO] 
[INFO] --- build-helper:3.3.0:add-source (test) @ dmn-check ---
[INFO] Source directory: /Users/daniel/Documents/njit/WPI-Research/experiments-live/dmn-check-wpi/target/generated-sources added.
[INFO] 
[INFO] --- compiler:3.10.1:compile (default-compile) @ dmn-check ---
[INFO] No sources to compile
[INFO] 
[INFO] --- compiler:3.10.1:compile (verify-with-checkerframework) @ dmn-check ---
[INFO] No sources to compile
[INFO] 
[INFO] ----------------------< de.redsix:dmn-check-core >----------------------
[INFO] Building dmn-check-core 1.3.0-SNAPSHOT                             [2/7]
[INFO]   from core/pom.xml
[INFO] --------------------------------[ jar ]---------------------------------
[INFO] 
[INFO] --- enforcer:3.1.0:enforce (enforce-maven) @ dmn-check-core ---
[INFO] 
[INFO] --- jacoco:0.8.8:prepare-agent (prepare-agent) @ dmn-check-core ---
[INFO] argLine set to -javaagent:/Users/daniel/.m2/repository/org/jacoco/org.jacoco.agent/0.8.8/org.jacoco.agent-0.8.8-runtime.jar=destfile=/Users/daniel/Documents/njit/WPI-Research/experiments-live/dmn-check-wpi/core/target/jacoco.exec,excludes=**/ExpressionTypes.*:**/ExpressionTypes$*.*:**/FeelExpressions.*:**/FeelExpressions$*.*:**/Eithers.*:**/Eithers$*.*
[INFO] 
[INFO] --- build-helper:3.3.0:add-source (test) @ dmn-check-core ---
[INFO] Source directory: /Users/daniel/Documents/njit/WPI-Research/experiments-live/dmn-check-wpi/core/target/generated-sources added.
[INFO] 
[INFO] --- resources:3.3.0:resources (default-resources) @ dmn-check-core ---
[INFO] skip non existing resourceDirectory /Users/daniel/Documents/njit/WPI-Research/experiments-live/dmn-check-wpi/core/src/main/resources
[INFO] 
[INFO] --- compiler:3.10.1:compile (default-compile) @ dmn-check-core ---
[INFO] Nothing to compile - all classes are up to date
[INFO] 
[INFO] --- compiler:3.10.1:compile (verify-with-checkerframework) @ dmn-check-core ---
[INFO] Nothing to compile - all classes are up to date
[INFO] 
[INFO] -------------------< de.redsix:dmn-check-validators >-------------------
[INFO] Building dmn-check-validators 1.3.0-SNAPSHOT                       [3/7]
[INFO]   from validators/pom.xml
[INFO] --------------------------------[ jar ]---------------------------------
[INFO] 
[INFO] --- enforcer:3.1.0:enforce (enforce-maven) @ dmn-check-validators ---
[INFO] 
[INFO] --- jacoco:0.8.8:prepare-agent (prepare-agent) @ dmn-check-validators ---
[INFO] argLine set to -javaagent:/Users/daniel/.m2/repository/org/jacoco/org.jacoco.agent/0.8.8/org.jacoco.agent-0.8.8-runtime.jar=destfile=/Users/daniel/Documents/njit/WPI-Research/experiments-live/dmn-check-wpi/validators/target/jacoco.exec,excludes=**/ExpressionTypes.*:**/ExpressionTypes$*.*:**/FeelExpressions.*:**/FeelExpressions$*.*:**/Eithers.*:**/Eithers$*.*
[INFO] 
[INFO] --- build-helper:3.3.0:add-source (test) @ dmn-check-validators ---
[INFO] Source directory: /Users/daniel/Documents/njit/WPI-Research/experiments-live/dmn-check-wpi/validators/target/generated-sources added.
[INFO] 
[INFO] --- resources:3.3.0:resources (default-resources) @ dmn-check-validators ---
[INFO] skip non existing resourceDirectory /Users/daniel/Documents/njit/WPI-Research/experiments-live/dmn-check-wpi/validators/src/main/resources
[INFO] 
[INFO] --- compiler:3.10.1:compile (default-compile) @ dmn-check-validators ---
[INFO] Compiling 3 source files to /Users/daniel/Documents/njit/WPI-Research/experiments-live/dmn-check-wpi/validators/target/classes
[INFO] 
[INFO] --- compiler:3.10.1:compile (verify-with-checkerframework) @ dmn-check-validators ---
[INFO] Changes detected - recompiling the module!
[INFO] Compiling 38 source files to /Users/daniel/Documents/njit/WPI-Research/experiments-live/dmn-check-wpi/validators/target/classes
[INFO] -------------------------------------------------------------
[ERROR] COMPILATION ERROR : 
[INFO] -------------------------------------------------------------
[ERROR] /Users/daniel/Documents/njit/WPI-Research/experiments-live/dmn-check-wpi/validators/src/main/java/de/redsix/dmncheck/validators/TypeValidator.java:[27,91] error: [argument] incompatible argument for parameter topLevelExpressionLanguage of TopLevelExpressionLanguage.
  found   : null (NullType)
  required: @Initialized @NonNull String
[ERROR] /Users/daniel/Documents/njit/WPI-Research/experiments-live/dmn-check-wpi/validators/src/main/java/de/redsix/dmncheck/validators/TypeValidator.java:[25,16] error: [type.checking.not.run] FormatterChecker did not run because of a previous error issued by javac
[ERROR] /Users/daniel/Documents/njit/WPI-Research/experiments-live/dmn-check-wpi/validators/src/main/java/de/redsix/dmncheck/util/TopLevelExpressionLanguage.java:[7,7] error: [type.checking.not.run] RegexChecker did not run because of a previous error issued by javac
[ERROR] /Users/daniel/Documents/njit/WPI-Research/experiments-live/dmn-check-wpi/validators/src/main/java/de/redsix/dmncheck/util/TopLevelExpressionLanguage.java:[7,7] error: [type.checking.not.run] NullnessChecker did not run because of a previous error issued by javac
[ERROR] /Users/daniel/Documents/njit/WPI-Research/experiments-live/dmn-check-wpi/validators/src/main/java/de/redsix/dmncheck/util/TopLevelExpressionLanguage.java:[7,7] error: [type.checking.not.run] FormatterChecker did not run because of a previous error issued by javac
[ERROR] /Users/daniel/Documents/njit/WPI-Research/experiments-live/dmn-check-wpi/validators/src/main/java/de/redsix/dmncheck/util/Expression.java:[10,7] error: [type.checking.not.run] RegexChecker did not run because of a previous error issued by javac
[ERROR] /Users/daniel/Documents/njit/WPI-Research/experiments-live/dmn-check-wpi/validators/src/main/java/de/redsix/dmncheck/util/Expression.java:[10,7] error: [type.checking.not.run] NullnessChecker did not run because of a previous error issued by javac
[ERROR] /Users/daniel/Documents/njit/WPI-Research/experiments-live/dmn-check-wpi/validators/src/main/java/de/redsix/dmncheck/util/Expression.java:[10,7] error: [type.checking.not.run] FormatterChecker did not run because of a previous error issued by javac
[ERROR] /Users/daniel/Documents/njit/WPI-Research/experiments-live/dmn-check-wpi/validators/src/main/java/de/redsix/dmncheck/feel/ExpressionType.java:[15,16] error: [type.checking.not.run] RegexChecker did not run because of a previous error issued by javac
[ERROR] /Users/daniel/Documents/njit/WPI-Research/experiments-live/dmn-check-wpi/validators/src/main/java/de/redsix/dmncheck/feel/ExpressionType.java:[15,16] error: [type.checking.not.run] NullnessChecker did not run because of a previous error issued by javac
[ERROR] /Users/daniel/Documents/njit/WPI-Research/experiments-live/dmn-check-wpi/validators/src/main/java/de/redsix/dmncheck/feel/ExpressionType.java:[15,16] error: [type.checking.not.run] FormatterChecker did not run because of a previous error issued by javac
[ERROR] /Users/daniel/Documents/njit/WPI-Research/experiments-live/dmn-check-wpi/validators/src/main/java/de/redsix/dmncheck/feel/FeelTypecheck.java:[16,13] error: [type.checking.not.run] RegexChecker did not run because of a previous error issued by javac
[ERROR] /Users/daniel/Documents/njit/WPI-Research/experiments-live/dmn-check-wpi/validators/src/main/java/de/redsix/dmncheck/feel/FeelTypecheck.java:[16,13] error: [type.checking.not.run] NullnessChecker did not run because of a previous error issued by javac
[ERROR] /Users/daniel/Documents/njit/WPI-Research/experiments-live/dmn-check-wpi/validators/src/main/java/de/redsix/dmncheck/feel/FeelTypecheck.java:[16,13] error: [type.checking.not.run] FormatterChecker did not run because of a previous error issued by javac
[ERROR] /Users/daniel/Documents/njit/WPI-Research/experiments-live/dmn-check-wpi/validators/src/main/java/de/redsix/dmncheck/util/Either.java:[16,16] error: [type.checking.not.run] RegexChecker did not run because of a previous error issued by javac
[ERROR] /Users/daniel/Documents/njit/WPI-Research/experiments-live/dmn-check-wpi/validators/src/main/java/de/redsix/dmncheck/util/Either.java:[16,16] error: [type.checking.not.run] NullnessChecker did not run because of a previous error issued by javac
[ERROR] /Users/daniel/Documents/njit/WPI-Research/experiments-live/dmn-check-wpi/validators/src/main/java/de/redsix/dmncheck/util/Either.java:[16,16] error: [type.checking.not.run] FormatterChecker did not run because of a previous error issued by javac
[ERROR] /Users/daniel/Documents/njit/WPI-Research/experiments-live/dmn-check-wpi/validators/src/main/java/de/redsix/dmncheck/feel/FeelExpression.java:[13,16] error: [type.checking.not.run] RegexChecker did not run because of a previous error issued by javac
[ERROR] /Users/daniel/Documents/njit/WPI-Research/experiments-live/dmn-check-wpi/validators/src/main/java/de/redsix/dmncheck/feel/FeelExpression.java:[13,16] error: [type.checking.not.run] NullnessChecker did not run because of a previous error issued by javac
[ERROR] /Users/daniel/Documents/njit/WPI-Research/experiments-live/dmn-check-wpi/validators/src/main/java/de/redsix/dmncheck/feel/FeelExpression.java:[13,16] error: [type.checking.not.run] FormatterChecker did not run because of a previous error issued by javac
[ERROR] /Users/daniel/Documents/njit/WPI-Research/experiments-live/dmn-check-wpi/validators/src/main/java/de/redsix/dmncheck/feel/Operator.java:[4,7] error: [type.checking.not.run] RegexChecker did not run because of a previous error issued by javac
[ERROR] /Users/daniel/Documents/njit/WPI-Research/experiments-live/dmn-check-wpi/validators/src/main/java/de/redsix/dmncheck/feel/Operator.java:[4,7] error: [type.checking.not.run] NullnessChecker did not run because of a previous error issued by javac
[ERROR] /Users/daniel/Documents/njit/WPI-Research/experiments-live/dmn-check-wpi/validators/src/main/java/de/redsix/dmncheck/feel/Operator.java:[4,7] error: [type.checking.not.run] FormatterChecker did not run because of a previous error issued by javac
[ERROR] /Users/daniel/Documents/njit/WPI-Research/experiments-live/dmn-check-wpi/validators/src/main/java/de/redsix/dmncheck/validators/AggregationValidator.java:[14,7] error: [type.checking.not.run] RegexChecker did not run because of a previous error issued by javac
[ERROR] /Users/daniel/Documents/njit/WPI-Research/experiments-live/dmn-check-wpi/validators/src/main/java/de/redsix/dmncheck/validators/AggregationValidator.java:[14,7] error: [type.checking.not.run] NullnessChecker did not run because of a previous error issued by javac
[ERROR] /Users/daniel/Documents/njit/WPI-Research/experiments-live/dmn-check-wpi/validators/src/main/java/de/redsix/dmncheck/validators/AggregationValidator.java:[14,7] error: [type.checking.not.run] FormatterChecker did not run because of a previous error issued by javac
[ERROR] /Users/daniel/Documents/njit/WPI-Research/experiments-live/dmn-check-wpi/validators/src/main/java/de/redsix/dmncheck/util/ValidatorLoader.java:[17,7] error: [type.checking.not.run] RegexChecker did not run because of a previous error issued by javac
[ERROR] /Users/daniel/Documents/njit/WPI-Research/experiments-live/dmn-check-wpi/validators/src/main/java/de/redsix/dmncheck/util/ValidatorLoader.java:[17,7] error: [type.checking.not.run] NullnessChecker did not run because of a previous error issued by javac
[ERROR] /Users/daniel/Documents/njit/WPI-Research/experiments-live/dmn-check-wpi/validators/src/main/java/de/redsix/dmncheck/util/ValidatorLoader.java:[17,7] error: [type.checking.not.run] FormatterChecker did not run because of a previous error issued by javac
[ERROR] /Users/daniel/Documents/njit/WPI-Research/experiments-live/dmn-check-wpi/validators/src/main/java/de/redsix/dmncheck/validators/AggregationOutputTypeValidator.java:[19,7] error: [type.checking.not.run] RegexChecker did not run because of a previous error issued by javac
[ERROR] /Users/daniel/Documents/njit/WPI-Research/experiments-live/dmn-check-wpi/validators/src/main/java/de/redsix/dmncheck/validators/AggregationOutputTypeValidator.java:[19,7] error: [type.checking.not.run] NullnessChecker did not run because of a previous error issued by javac
[ERROR] /Users/daniel/Documents/njit/WPI-Research/experiments-live/dmn-check-wpi/validators/src/main/java/de/redsix/dmncheck/validators/AggregationOutputTypeValidator.java:[19,7] error: [type.checking.not.run] FormatterChecker did not run because of a previous error issued by javac
[ERROR] /Users/daniel/Documents/njit/WPI-Research/experiments-live/dmn-check-wpi/validators/src/main/java/de/redsix/dmncheck/validators/DuplicateColumnLabelValidator.java:[18,7] error: [type.checking.not.run] RegexChecker did not run because of a previous error issued by javac
[ERROR] /Users/daniel/Documents/njit/WPI-Research/experiments-live/dmn-check-wpi/validators/src/main/java/de/redsix/dmncheck/validators/DuplicateColumnLabelValidator.java:[18,7] error: [type.checking.not.run] NullnessChecker did not run because of a previous error issued by javac
[ERROR] /Users/daniel/Documents/njit/WPI-Research/experiments-live/dmn-check-wpi/validators/src/main/java/de/redsix/dmncheck/validators/DuplicateColumnLabelValidator.java:[18,7] error: [type.checking.not.run] FormatterChecker did not run because of a previous error issued by javac
[ERROR] /Users/daniel/Documents/njit/WPI-Research/experiments-live/dmn-check-wpi/validators/src/main/java/de/redsix/dmncheck/validators/RequirementGraphLeafValidator.java:[13,7] error: [type.checking.not.run] RegexChecker did not run because of a previous error issued by javac
[ERROR] /Users/daniel/Documents/njit/WPI-Research/experiments-live/dmn-check-wpi/validators/src/main/java/de/redsix/dmncheck/validators/RequirementGraphLeafValidator.java:[13,7] error: [type.checking.not.run] NullnessChecker did not run because of a previous error issued by javac
[ERROR] /Users/daniel/Documents/njit/WPI-Research/experiments-live/dmn-check-wpi/validators/src/main/java/de/redsix/dmncheck/validators/RequirementGraphLeafValidator.java:[13,7] error: [type.checking.not.run] FormatterChecker did not run because of a previous error issued by javac
[ERROR] /Users/daniel/Documents/njit/WPI-Research/experiments-live/dmn-check-wpi/validators/src/main/java/de/redsix/dmncheck/validators/ItemDefinitionAllowedValuesTypeValidator.java:[14,7] error: [type.checking.not.run] RegexChecker did not run because of a previous error issued by javac
[ERROR] /Users/daniel/Documents/njit/WPI-Research/experiments-live/dmn-check-wpi/validators/src/main/java/de/redsix/dmncheck/validators/ItemDefinitionAllowedValuesTypeValidator.java:[14,7] error: [type.checking.not.run] NullnessChecker did not run because of a previous error issued by javac
[ERROR] /Users/daniel/Documents/njit/WPI-Research/experiments-live/dmn-check-wpi/validators/src/main/java/de/redsix/dmncheck/validators/ItemDefinitionAllowedValuesTypeValidator.java:[14,7] error: [type.checking.not.run] FormatterChecker did not run because of a previous error issued by javac
[ERROR] /Users/daniel/Documents/njit/WPI-Research/experiments-live/dmn-check-wpi/validators/src/main/java/de/redsix/dmncheck/feel/FeelParser.java:[21,13] error: [type.checking.not.run] RegexChecker did not run because of a previous error issued by javac
[ERROR] /Users/daniel/Documents/njit/WPI-Research/experiments-live/dmn-check-wpi/validators/src/main/java/de/redsix/dmncheck/feel/FeelParser.java:[21,13] error: [type.checking.not.run] NullnessChecker did not run because of a previous error issued by javac
[ERROR] /Users/daniel/Documents/njit/WPI-Research/experiments-live/dmn-check-wpi/validators/src/main/java/de/redsix/dmncheck/feel/FeelParser.java:[21,13] error: [type.checking.not.run] FormatterChecker did not run because of a previous error issued by javac
[ERROR] /Users/daniel/Documents/njit/WPI-Research/experiments-live/dmn-check-wpi/validators/src/main/java/de/redsix/dmncheck/validators/ConnectedRequirementGraphValidator.java:[26,7] error: [type.checking.not.run] RegexChecker did not run because of a previous error issued by javac
[ERROR] /Users/daniel/Documents/njit/WPI-Research/experiments-live/dmn-check-wpi/validators/src/main/java/de/redsix/dmncheck/validators/ConnectedRequirementGraphValidator.java:[26,7] error: [type.checking.not.run] NullnessChecker did not run because of a previous error issued by javac
[ERROR] /Users/daniel/Documents/njit/WPI-Research/experiments-live/dmn-check-wpi/validators/src/main/java/de/redsix/dmncheck/validators/ConnectedRequirementGraphValidator.java:[26,7] error: [type.checking.not.run] FormatterChecker did not run because of a previous error issued by javac
[ERROR] /Users/daniel/Documents/njit/WPI-Research/experiments-live/dmn-check-wpi/validators/src/main/java/de/redsix/dmncheck/validators/NoDecisionPresentValidator.java:[13,7] error: [type.checking.not.run] RegexChecker did not run because of a previous error issued by javac
[ERROR] /Users/daniel/Documents/njit/WPI-Research/experiments-live/dmn-check-wpi/validators/src/main/java/de/redsix/dmncheck/validators/NoDecisionPresentValidator.java:[13,7] error: [type.checking.not.run] NullnessChecker did not run because of a previous error issued by javac
[ERROR] /Users/daniel/Documents/njit/WPI-Research/experiments-live/dmn-check-wpi/validators/src/main/java/de/redsix/dmncheck/validators/NoDecisionPresentValidator.java:[13,7] error: [type.checking.not.run] FormatterChecker did not run because of a previous error issued by javac
[ERROR] /Users/daniel/Documents/njit/WPI-Research/experiments-live/dmn-check-wpi/validators/src/main/java/de/redsix/dmncheck/feel/ExpressionTypeParser.java:[19,13] error: [type.checking.not.run] RegexChecker did not run because of a previous error issued by javac
[ERROR] /Users/daniel/Documents/njit/WPI-Research/experiments-live/dmn-check-wpi/validators/src/main/java/de/redsix/dmncheck/feel/ExpressionTypeParser.java:[19,13] error: [type.checking.not.run] NullnessChecker did not run because of a previous error issued by javac
[ERROR] /Users/daniel/Documents/njit/WPI-Research/experiments-live/dmn-check-wpi/validators/src/main/java/de/redsix/dmncheck/feel/ExpressionTypeParser.java:[19,13] error: [type.checking.not.run] FormatterChecker did not run because of a previous error issued by javac
[ERROR] /Users/daniel/Documents/njit/WPI-Research/experiments-live/dmn-check-wpi/validators/src/main/java/de/redsix/dmncheck/validators/DefinitionsIdAndNameValidator.java:[5,7] error: [type.checking.not.run] RegexChecker did not run because of a previous error issued by javac
[ERROR] /Users/daniel/Documents/njit/WPI-Research/experiments-live/dmn-check-wpi/validators/src/main/java/de/redsix/dmncheck/validators/DefinitionsIdAndNameValidator.java:[5,7] error: [type.checking.not.run] NullnessChecker did not run because of a previous error issued by javac
[ERROR] /Users/daniel/Documents/njit/WPI-Research/experiments-live/dmn-check-wpi/validators/src/main/java/de/redsix/dmncheck/validators/DefinitionsIdAndNameValidator.java:[5,7] error: [type.checking.not.run] FormatterChecker did not run because of a previous error issued by javac
[ERROR] /Users/daniel/Documents/njit/WPI-Research/experiments-live/dmn-check-wpi/validators/src/main/java/de/redsix/dmncheck/validators/InputEntryTypeValidator.java:[15,7] error: [type.checking.not.run] RegexChecker did not run because of a previous error issued by javac
[ERROR] /Users/daniel/Documents/njit/WPI-Research/experiments-live/dmn-check-wpi/validators/src/main/java/de/redsix/dmncheck/validators/InputEntryTypeValidator.java:[15,7] error: [type.checking.not.run] NullnessChecker did not run because of a previous error issued by javac
[ERROR] /Users/daniel/Documents/njit/WPI-Research/experiments-live/dmn-check-wpi/validators/src/main/java/de/redsix/dmncheck/validators/InputEntryTypeValidator.java:[15,7] error: [type.checking.not.run] FormatterChecker did not run because of a previous error issued by javac
[ERROR] /Users/daniel/Documents/njit/WPI-Research/experiments-live/dmn-check-wpi/validators/src/main/java/de/redsix/dmncheck/validators/ElementTypeDeclarationValidator.java:[17,16] error: [type.checking.not.run] RegexChecker did not run because of a previous error issued by javac
[ERROR] /Users/daniel/Documents/njit/WPI-Research/experiments-live/dmn-check-wpi/validators/src/main/java/de/redsix/dmncheck/validators/ElementTypeDeclarationValidator.java:[17,16] error: [type.checking.not.run] NullnessChecker did not run because of a previous error issued by javac
[ERROR] /Users/daniel/Documents/njit/WPI-Research/experiments-live/dmn-check-wpi/validators/src/main/java/de/redsix/dmncheck/validators/ElementTypeDeclarationValidator.java:[17,16] error: [type.checking.not.run] FormatterChecker did not run because of a previous error issued by javac
[ERROR] /Users/daniel/Documents/njit/WPI-Research/experiments-live/dmn-check-wpi/validators/src/main/java/de/redsix/dmncheck/validators/OutputEntryTypeValidator.java:[15,7] error: [type.checking.not.run] RegexChecker did not run because of a previous error issued by javac
[ERROR] /Users/daniel/Documents/njit/WPI-Research/experiments-live/dmn-check-wpi/validators/src/main/java/de/redsix/dmncheck/validators/OutputEntryTypeValidator.java:[15,7] error: [type.checking.not.run] NullnessChecker did not run because of a previous error issued by javac
[ERROR] /Users/daniel/Documents/njit/WPI-Research/experiments-live/dmn-check-wpi/validators/src/main/java/de/redsix/dmncheck/validators/OutputEntryTypeValidator.java:[15,7] error: [type.checking.not.run] FormatterChecker did not run because of a previous error issued by javac
[ERROR] /Users/daniel/Documents/njit/WPI-Research/experiments-live/dmn-check-wpi/validators/src/main/java/de/redsix/dmncheck/validators/DecisionIdAndNameValidator.java:[5,7] error: [type.checking.not.run] RegexChecker did not run because of a previous error issued by javac
[ERROR] /Users/daniel/Documents/njit/WPI-Research/experiments-live/dmn-check-wpi/validators/src/main/java/de/redsix/dmncheck/validators/DecisionIdAndNameValidator.java:[5,7] error: [type.checking.not.run] NullnessChecker did not run because of a previous error issued by javac
[ERROR] /Users/daniel/Documents/njit/WPI-Research/experiments-live/dmn-check-wpi/validators/src/main/java/de/redsix/dmncheck/validators/DecisionIdAndNameValidator.java:[5,7] error: [type.checking.not.run] FormatterChecker did not run because of a previous error issued by javac
[ERROR] /Users/daniel/Documents/njit/WPI-Research/experiments-live/dmn-check-wpi/validators/src/main/java/de/redsix/dmncheck/util/ProjectClassLoader.java:[5,7] error: [type.checking.not.run] RegexChecker did not run because of a previous error issued by javac
[ERROR] /Users/daniel/Documents/njit/WPI-Research/experiments-live/dmn-check-wpi/validators/src/main/java/de/redsix/dmncheck/util/ProjectClassLoader.java:[5,7] error: [type.checking.not.run] NullnessChecker did not run because of a previous error issued by javac
[ERROR] /Users/daniel/Documents/njit/WPI-Research/experiments-live/dmn-check-wpi/validators/src/main/java/de/redsix/dmncheck/util/ProjectClassLoader.java:[5,7] error: [type.checking.not.run] FormatterChecker did not run because of a previous error issued by javac
[ERROR] /Users/daniel/Documents/njit/WPI-Research/experiments-live/dmn-check-wpi/validators/src/main/java/de/redsix/dmncheck/validators/KnowledgeSourceIdAndNameValidator.java:[5,7] error: [type.checking.not.run] RegexChecker did not run because of a previous error issued by javac
[ERROR] /Users/daniel/Documents/njit/WPI-Research/experiments-live/dmn-check-wpi/validators/src/main/java/de/redsix/dmncheck/validators/KnowledgeSourceIdAndNameValidator.java:[5,7] error: [type.checking.not.run] NullnessChecker did not run because of a previous error issued by javac
[ERROR] /Users/daniel/Documents/njit/WPI-Research/experiments-live/dmn-check-wpi/validators/src/main/java/de/redsix/dmncheck/validators/KnowledgeSourceIdAndNameValidator.java:[5,7] error: [type.checking.not.run] FormatterChecker did not run because of a previous error issued by javac
[ERROR] /Users/daniel/Documents/njit/WPI-Research/experiments-live/dmn-check-wpi/validators/src/main/java/de/redsix/dmncheck/util/Util.java:[11,13] error: [type.checking.not.run] RegexChecker did not run because of a previous error issued by javac
[ERROR] /Users/daniel/Documents/njit/WPI-Research/experiments-live/dmn-check-wpi/validators/src/main/java/de/redsix/dmncheck/util/Util.java:[11,13] error: [type.checking.not.run] NullnessChecker did not run because of a previous error issued by javac
[ERROR] /Users/daniel/Documents/njit/WPI-Research/experiments-live/dmn-check-wpi/validators/src/main/java/de/redsix/dmncheck/util/Util.java:[11,13] error: [type.checking.not.run] FormatterChecker did not run because of a previous error issued by javac
[ERROR] /Users/daniel/Documents/njit/WPI-Research/experiments-live/dmn-check-wpi/validators/src/main/java/de/redsix/dmncheck/validators/ItemDefinitionIdAndNameValidator.java:[5,7] error: [type.checking.not.run] RegexChecker did not run because of a previous error issued by javac
[ERROR] /Users/daniel/Documents/njit/WPI-Research/experiments-live/dmn-check-wpi/validators/src/main/java/de/redsix/dmncheck/validators/ItemDefinitionIdAndNameValidator.java:[5,7] error: [type.checking.not.run] NullnessChecker did not run because of a previous error issued by javac
[ERROR] /Users/daniel/Documents/njit/WPI-Research/experiments-live/dmn-check-wpi/validators/src/main/java/de/redsix/dmncheck/validators/ItemDefinitionIdAndNameValidator.java:[5,7] error: [type.checking.not.run] FormatterChecker did not run because of a previous error issued by javac
[ERROR] /Users/daniel/Documents/njit/WPI-Research/experiments-live/dmn-check-wpi/validators/src/main/java/de/redsix/dmncheck/feel/Subsumption.java:[7,6] error: [type.checking.not.run] RegexChecker did not run because of a previous error issued by javac
[ERROR] /Users/daniel/Documents/njit/WPI-Research/experiments-live/dmn-check-wpi/validators/src/main/java/de/redsix/dmncheck/feel/Subsumption.java:[7,6] error: [type.checking.not.run] NullnessChecker did not run because of a previous error issued by javac
[ERROR] /Users/daniel/Documents/njit/WPI-Research/experiments-live/dmn-check-wpi/validators/src/main/java/de/redsix/dmncheck/feel/Subsumption.java:[7,6] error: [type.checking.not.run] FormatterChecker did not run because of a previous error issued by javac
[ERROR] /Users/daniel/Documents/njit/WPI-Research/experiments-live/dmn-check-wpi/validators/src/main/java/de/redsix/dmncheck/validators/InputTypeDeclarationValidator.java:[6,7] error: [type.checking.not.run] RegexChecker did not run because of a previous error issued by javac
[ERROR] /Users/daniel/Documents/njit/WPI-Research/experiments-live/dmn-check-wpi/validators/src/main/java/de/redsix/dmncheck/validators/InputTypeDeclarationValidator.java:[6,7] error: [type.checking.not.run] NullnessChecker did not run because of a previous error issued by javac
[ERROR] /Users/daniel/Documents/njit/WPI-Research/experiments-live/dmn-check-wpi/validators/src/main/java/de/redsix/dmncheck/validators/InputTypeDeclarationValidator.java:[6,7] error: [type.checking.not.run] FormatterChecker did not run because of a previous error issued by javac
[ERROR] /Users/daniel/Documents/njit/WPI-Research/experiments-live/dmn-check-wpi/validators/src/main/java/de/redsix/dmncheck/validators/ConflictingRuleValidator.java:[19,7] error: [type.checking.not.run] RegexChecker did not run because of a previous error issued by javac
[ERROR] /Users/daniel/Documents/njit/WPI-Research/experiments-live/dmn-check-wpi/validators/src/main/java/de/redsix/dmncheck/validators/ConflictingRuleValidator.java:[19,7] error: [type.checking.not.run] NullnessChecker did not run because of a previous error issued by javac
[ERROR] /Users/daniel/Documents/njit/WPI-Research/experiments-live/dmn-check-wpi/validators/src/main/java/de/redsix/dmncheck/validators/ConflictingRuleValidator.java:[19,7] error: [type.checking.not.run] FormatterChecker did not run because of a previous error issued by javac
[ERROR] /Users/daniel/Documents/njit/WPI-Research/experiments-live/dmn-check-wpi/validators/src/main/java/de/redsix/dmncheck/validators/OutputTypeDeclarationValidator.java:[6,7] error: [type.checking.not.run] RegexChecker did not run because of a previous error issued by javac
[ERROR] /Users/daniel/Documents/njit/WPI-Research/experiments-live/dmn-check-wpi/validators/src/main/java/de/redsix/dmncheck/validators/OutputTypeDeclarationValidator.java:[6,7] error: [type.checking.not.run] NullnessChecker did not run because of a previous error issued by javac
[ERROR] /Users/daniel/Documents/njit/WPI-Research/experiments-live/dmn-check-wpi/validators/src/main/java/de/redsix/dmncheck/validators/OutputTypeDeclarationValidator.java:[6,7] error: [type.checking.not.run] FormatterChecker did not run because of a previous error issued by javac
[ERROR] /Users/daniel/Documents/njit/WPI-Research/experiments-live/dmn-check-wpi/validators/src/main/java/de/redsix/dmncheck/validators/ShadowedRuleValidator.java:[24,7] error: [type.checking.not.run] RegexChecker did not run because of a previous error issued by javac
[ERROR] /Users/daniel/Documents/njit/WPI-Research/experiments-live/dmn-check-wpi/validators/src/main/java/de/redsix/dmncheck/validators/ShadowedRuleValidator.java:[24,7] error: [type.checking.not.run] NullnessChecker did not run because of a previous error issued by javac
[ERROR] /Users/daniel/Documents/njit/WPI-Research/experiments-live/dmn-check-wpi/validators/src/main/java/de/redsix/dmncheck/validators/ShadowedRuleValidator.java:[24,7] error: [type.checking.not.run] FormatterChecker did not run because of a previous error issued by javac
[ERROR] /Users/daniel/Documents/njit/WPI-Research/experiments-live/dmn-check-wpi/validators/src/main/java/de/redsix/dmncheck/validators/InputValuesTypeValidator.java:[13,7] error: [type.checking.not.run] RegexChecker did not run because of a previous error issued by javac
[ERROR] /Users/daniel/Documents/njit/WPI-Research/experiments-live/dmn-check-wpi/validators/src/main/java/de/redsix/dmncheck/validators/InputValuesTypeValidator.java:[13,7] error: [type.checking.not.run] NullnessChecker did not run because of a previous error issued by javac
[ERROR] /Users/daniel/Documents/njit/WPI-Research/experiments-live/dmn-check-wpi/validators/src/main/java/de/redsix/dmncheck/validators/InputValuesTypeValidator.java:[13,7] error: [type.checking.not.run] FormatterChecker did not run because of a previous error issued by javac
[INFO] 98 errors 
[INFO] -------------------------------------------------------------
[INFO] ------------------------------------------------------------------------
[INFO] Reactor Summary for dmn-check 1.3.0-SNAPSHOT:
[INFO] 
[INFO] dmn-check .......................................... SUCCESS [  0.390 s]
[INFO] dmn-check-core ..................................... SUCCESS [  0.078 s]
[INFO] dmn-check-validators ............................... FAILURE [  3.824 s]
[INFO] dmn-check-server ................................... SKIPPED
[INFO] dmn-check-plugin-base .............................. SKIPPED
[INFO] dmn-check-maven-plugin ............................. SKIPPED
[INFO] cli ................................................ SKIPPED
[INFO] ------------------------------------------------------------------------
[INFO] BUILD FAILURE
[INFO] ------------------------------------------------------------------------
[INFO] Total time:  4.341 s
[INFO] Finished at: 2023-03-24T12:48:40-04:00
[INFO] ------------------------------------------------------------------------
[ERROR] Failed to execute goal org.apache.maven.plugins:maven-compiler-plugin:3.10.1:compile (verify-with-checkerframework) on project dmn-check-validators: Compilation failure: Compilation failure: 
[ERROR] /Users/daniel/Documents/njit/WPI-Research/experiments-live/dmn-check-wpi/validators/src/main/java/de/redsix/dmncheck/validators/TypeValidator.java:[27,91] error: [argument] incompatible argument for parameter topLevelExpressionLanguage of TopLevelExpressionLanguage.
[ERROR]   found   : null (NullType)
[ERROR]   required: @Initialized @NonNull String
[ERROR] /Users/daniel/Documents/njit/WPI-Research/experiments-live/dmn-check-wpi/validators/src/main/java/de/redsix/dmncheck/validators/TypeValidator.java:[25,16] error: [type.checking.not.run] FormatterChecker did not run because of a previous error issued by javac
[ERROR] /Users/daniel/Documents/njit/WPI-Research/experiments-live/dmn-check-wpi/validators/src/main/java/de/redsix/dmncheck/util/TopLevelExpressionLanguage.java:[7,7] error: [type.checking.not.run] RegexChecker did not run because of a previous error issued by javac
[ERROR] /Users/daniel/Documents/njit/WPI-Research/experiments-live/dmn-check-wpi/validators/src/main/java/de/redsix/dmncheck/util/TopLevelExpressionLanguage.java:[7,7] error: [type.checking.not.run] NullnessChecker did not run because of a previous error issued by javac
[ERROR] /Users/daniel/Documents/njit/WPI-Research/experiments-live/dmn-check-wpi/validators/src/main/java/de/redsix/dmncheck/util/TopLevelExpressionLanguage.java:[7,7] error: [type.checking.not.run] FormatterChecker did not run because of a previous error issued by javac
[ERROR] /Users/daniel/Documents/njit/WPI-Research/experiments-live/dmn-check-wpi/validators/src/main/java/de/redsix/dmncheck/util/Expression.java:[10,7] error: [type.checking.not.run] RegexChecker did not run because of a previous error issued by javac
[ERROR] /Users/daniel/Documents/njit/WPI-Research/experiments-live/dmn-check-wpi/validators/src/main/java/de/redsix/dmncheck/util/Expression.java:[10,7] error: [type.checking.not.run] NullnessChecker did not run because of a previous error issued by javac
[ERROR] /Users/daniel/Documents/njit/WPI-Research/experiments-live/dmn-check-wpi/validators/src/main/java/de/redsix/dmncheck/util/Expression.java:[10,7] error: [type.checking.not.run] FormatterChecker did not run because of a previous error issued by javac
[ERROR] /Users/daniel/Documents/njit/WPI-Research/experiments-live/dmn-check-wpi/validators/src/main/java/de/redsix/dmncheck/feel/ExpressionType.java:[15,16] error: [type.checking.not.run] RegexChecker did not run because of a previous error issued by javac
[ERROR] /Users/daniel/Documents/njit/WPI-Research/experiments-live/dmn-check-wpi/validators/src/main/java/de/redsix/dmncheck/feel/ExpressionType.java:[15,16] error: [type.checking.not.run] NullnessChecker did not run because of a previous error issued by javac
[ERROR] /Users/daniel/Documents/njit/WPI-Research/experiments-live/dmn-check-wpi/validators/src/main/java/de/redsix/dmncheck/feel/ExpressionType.java:[15,16] error: [type.checking.not.run] FormatterChecker did not run because of a previous error issued by javac
[ERROR] /Users/daniel/Documents/njit/WPI-Research/experiments-live/dmn-check-wpi/validators/src/main/java/de/redsix/dmncheck/feel/FeelTypecheck.java:[16,13] error: [type.checking.not.run] RegexChecker did not run because of a previous error issued by javac
[ERROR] /Users/daniel/Documents/njit/WPI-Research/experiments-live/dmn-check-wpi/validators/src/main/java/de/redsix/dmncheck/feel/FeelTypecheck.java:[16,13] error: [type.checking.not.run] NullnessChecker did not run because of a previous error issued by javac
[ERROR] /Users/daniel/Documents/njit/WPI-Research/experiments-live/dmn-check-wpi/validators/src/main/java/de/redsix/dmncheck/feel/FeelTypecheck.java:[16,13] error: [type.checking.not.run] FormatterChecker did not run because of a previous error issued by javac
[ERROR] /Users/daniel/Documents/njit/WPI-Research/experiments-live/dmn-check-wpi/validators/src/main/java/de/redsix/dmncheck/util/Either.java:[16,16] error: [type.checking.not.run] RegexChecker did not run because of a previous error issued by javac
[ERROR] /Users/daniel/Documents/njit/WPI-Research/experiments-live/dmn-check-wpi/validators/src/main/java/de/redsix/dmncheck/util/Either.java:[16,16] error: [type.checking.not.run] NullnessChecker did not run because of a previous error issued by javac
[ERROR] /Users/daniel/Documents/njit/WPI-Research/experiments-live/dmn-check-wpi/validators/src/main/java/de/redsix/dmncheck/util/Either.java:[16,16] error: [type.checking.not.run] FormatterChecker did not run because of a previous error issued by javac
[ERROR] /Users/daniel/Documents/njit/WPI-Research/experiments-live/dmn-check-wpi/validators/src/main/java/de/redsix/dmncheck/feel/FeelExpression.java:[13,16] error: [type.checking.not.run] RegexChecker did not run because of a previous error issued by javac
[ERROR] /Users/daniel/Documents/njit/WPI-Research/experiments-live/dmn-check-wpi/validators/src/main/java/de/redsix/dmncheck/feel/FeelExpression.java:[13,16] error: [type.checking.not.run] NullnessChecker did not run because of a previous error issued by javac
[ERROR] /Users/daniel/Documents/njit/WPI-Research/experiments-live/dmn-check-wpi/validators/src/main/java/de/redsix/dmncheck/feel/FeelExpression.java:[13,16] error: [type.checking.not.run] FormatterChecker did not run because of a previous error issued by javac
[ERROR] /Users/daniel/Documents/njit/WPI-Research/experiments-live/dmn-check-wpi/validators/src/main/java/de/redsix/dmncheck/feel/Operator.java:[4,7] error: [type.checking.not.run] RegexChecker did not run because of a previous error issued by javac
[ERROR] /Users/daniel/Documents/njit/WPI-Research/experiments-live/dmn-check-wpi/validators/src/main/java/de/redsix/dmncheck/feel/Operator.java:[4,7] error: [type.checking.not.run] NullnessChecker did not run because of a previous error issued by javac
[ERROR] /Users/daniel/Documents/njit/WPI-Research/experiments-live/dmn-check-wpi/validators/src/main/java/de/redsix/dmncheck/feel/Operator.java:[4,7] error: [type.checking.not.run] FormatterChecker did not run because of a previous error issued by javac
[ERROR] /Users/daniel/Documents/njit/WPI-Research/experiments-live/dmn-check-wpi/validators/src/main/java/de/redsix/dmncheck/validators/AggregationValidator.java:[14,7] error: [type.checking.not.run] RegexChecker did not run because of a previous error issued by javac
[ERROR] /Users/daniel/Documents/njit/WPI-Research/experiments-live/dmn-check-wpi/validators/src/main/java/de/redsix/dmncheck/validators/AggregationValidator.java:[14,7] error: [type.checking.not.run] NullnessChecker did not run because of a previous error issued by javac
[ERROR] /Users/daniel/Documents/njit/WPI-Research/experiments-live/dmn-check-wpi/validators/src/main/java/de/redsix/dmncheck/validators/AggregationValidator.java:[14,7] error: [type.checking.not.run] FormatterChecker did not run because of a previous error issued by javac
[ERROR] /Users/daniel/Documents/njit/WPI-Research/experiments-live/dmn-check-wpi/validators/src/main/java/de/redsix/dmncheck/util/ValidatorLoader.java:[17,7] error: [type.checking.not.run] RegexChecker did not run because of a previous error issued by javac
[ERROR] /Users/daniel/Documents/njit/WPI-Research/experiments-live/dmn-check-wpi/validators/src/main/java/de/redsix/dmncheck/util/ValidatorLoader.java:[17,7] error: [type.checking.not.run] NullnessChecker did not run because of a previous error issued by javac
[ERROR] /Users/daniel/Documents/njit/WPI-Research/experiments-live/dmn-check-wpi/validators/src/main/java/de/redsix/dmncheck/util/ValidatorLoader.java:[17,7] error: [type.checking.not.run] FormatterChecker did not run because of a previous error issued by javac
[ERROR] /Users/daniel/Documents/njit/WPI-Research/experiments-live/dmn-check-wpi/validators/src/main/java/de/redsix/dmncheck/validators/AggregationOutputTypeValidator.java:[19,7] error: [type.checking.not.run] RegexChecker did not run because of a previous error issued by javac
[ERROR] /Users/daniel/Documents/njit/WPI-Research/experiments-live/dmn-check-wpi/validators/src/main/java/de/redsix/dmncheck/validators/AggregationOutputTypeValidator.java:[19,7] error: [type.checking.not.run] NullnessChecker did not run because of a previous error issued by javac
[ERROR] /Users/daniel/Documents/njit/WPI-Research/experiments-live/dmn-check-wpi/validators/src/main/java/de/redsix/dmncheck/validators/AggregationOutputTypeValidator.java:[19,7] error: [type.checking.not.run] FormatterChecker did not run because of a previous error issued by javac
[ERROR] /Users/daniel/Documents/njit/WPI-Research/experiments-live/dmn-check-wpi/validators/src/main/java/de/redsix/dmncheck/validators/DuplicateColumnLabelValidator.java:[18,7] error: [type.checking.not.run] RegexChecker did not run because of a previous error issued by javac
[ERROR] /Users/daniel/Documents/njit/WPI-Research/experiments-live/dmn-check-wpi/validators/src/main/java/de/redsix/dmncheck/validators/DuplicateColumnLabelValidator.java:[18,7] error: [type.checking.not.run] NullnessChecker did not run because of a previous error issued by javac
[ERROR] /Users/daniel/Documents/njit/WPI-Research/experiments-live/dmn-check-wpi/validators/src/main/java/de/redsix/dmncheck/validators/DuplicateColumnLabelValidator.java:[18,7] error: [type.checking.not.run] FormatterChecker did not run because of a previous error issued by javac
[ERROR] /Users/daniel/Documents/njit/WPI-Research/experiments-live/dmn-check-wpi/validators/src/main/java/de/redsix/dmncheck/validators/RequirementGraphLeafValidator.java:[13,7] error: [type.checking.not.run] RegexChecker did not run because of a previous error issued by javac
[ERROR] /Users/daniel/Documents/njit/WPI-Research/experiments-live/dmn-check-wpi/validators/src/main/java/de/redsix/dmncheck/validators/RequirementGraphLeafValidator.java:[13,7] error: [type.checking.not.run] NullnessChecker did not run because of a previous error issued by javac
[ERROR] /Users/daniel/Documents/njit/WPI-Research/experiments-live/dmn-check-wpi/validators/src/main/java/de/redsix/dmncheck/validators/RequirementGraphLeafValidator.java:[13,7] error: [type.checking.not.run] FormatterChecker did not run because of a previous error issued by javac
[ERROR] /Users/daniel/Documents/njit/WPI-Research/experiments-live/dmn-check-wpi/validators/src/main/java/de/redsix/dmncheck/validators/ItemDefinitionAllowedValuesTypeValidator.java:[14,7] error: [type.checking.not.run] RegexChecker did not run because of a previous error issued by javac
[ERROR] /Users/daniel/Documents/njit/WPI-Research/experiments-live/dmn-check-wpi/validators/src/main/java/de/redsix/dmncheck/validators/ItemDefinitionAllowedValuesTypeValidator.java:[14,7] error: [type.checking.not.run] NullnessChecker did not run because of a previous error issued by javac
[ERROR] /Users/daniel/Documents/njit/WPI-Research/experiments-live/dmn-check-wpi/validators/src/main/java/de/redsix/dmncheck/validators/ItemDefinitionAllowedValuesTypeValidator.java:[14,7] error: [type.checking.not.run] FormatterChecker did not run because of a previous error issued by javac
[ERROR] /Users/daniel/Documents/njit/WPI-Research/experiments-live/dmn-check-wpi/validators/src/main/java/de/redsix/dmncheck/feel/FeelParser.java:[21,13] error: [type.checking.not.run] RegexChecker did not run because of a previous error issued by javac
[ERROR] /Users/daniel/Documents/njit/WPI-Research/experiments-live/dmn-check-wpi/validators/src/main/java/de/redsix/dmncheck/feel/FeelParser.java:[21,13] error: [type.checking.not.run] NullnessChecker did not run because of a previous error issued by javac
[ERROR] /Users/daniel/Documents/njit/WPI-Research/experiments-live/dmn-check-wpi/validators/src/main/java/de/redsix/dmncheck/feel/FeelParser.java:[21,13] error: [type.checking.not.run] FormatterChecker did not run because of a previous error issued by javac
[ERROR] /Users/daniel/Documents/njit/WPI-Research/experiments-live/dmn-check-wpi/validators/src/main/java/de/redsix/dmncheck/validators/ConnectedRequirementGraphValidator.java:[26,7] error: [type.checking.not.run] RegexChecker did not run because of a previous error issued by javac
[ERROR] /Users/daniel/Documents/njit/WPI-Research/experiments-live/dmn-check-wpi/validators/src/main/java/de/redsix/dmncheck/validators/ConnectedRequirementGraphValidator.java:[26,7] error: [type.checking.not.run] NullnessChecker did not run because of a previous error issued by javac
[ERROR] /Users/daniel/Documents/njit/WPI-Research/experiments-live/dmn-check-wpi/validators/src/main/java/de/redsix/dmncheck/validators/ConnectedRequirementGraphValidator.java:[26,7] error: [type.checking.not.run] FormatterChecker did not run because of a previous error issued by javac
[ERROR] /Users/daniel/Documents/njit/WPI-Research/experiments-live/dmn-check-wpi/validators/src/main/java/de/redsix/dmncheck/validators/NoDecisionPresentValidator.java:[13,7] error: [type.checking.not.run] RegexChecker did not run because of a previous error issued by javac
[ERROR] /Users/daniel/Documents/njit/WPI-Research/experiments-live/dmn-check-wpi/validators/src/main/java/de/redsix/dmncheck/validators/NoDecisionPresentValidator.java:[13,7] error: [type.checking.not.run] NullnessChecker did not run because of a previous error issued by javac
[ERROR] /Users/daniel/Documents/njit/WPI-Research/experiments-live/dmn-check-wpi/validators/src/main/java/de/redsix/dmncheck/validators/NoDecisionPresentValidator.java:[13,7] error: [type.checking.not.run] FormatterChecker did not run because of a previous error issued by javac
[ERROR] /Users/daniel/Documents/njit/WPI-Research/experiments-live/dmn-check-wpi/validators/src/main/java/de/redsix/dmncheck/feel/ExpressionTypeParser.java:[19,13] error: [type.checking.not.run] RegexChecker did not run because of a previous error issued by javac
[ERROR] /Users/daniel/Documents/njit/WPI-Research/experiments-live/dmn-check-wpi/validators/src/main/java/de/redsix/dmncheck/feel/ExpressionTypeParser.java:[19,13] error: [type.checking.not.run] NullnessChecker did not run because of a previous error issued by javac
[ERROR] /Users/daniel/Documents/njit/WPI-Research/experiments-live/dmn-check-wpi/validators/src/main/java/de/redsix/dmncheck/feel/ExpressionTypeParser.java:[19,13] error: [type.checking.not.run] FormatterChecker did not run because of a previous error issued by javac
[ERROR] /Users/daniel/Documents/njit/WPI-Research/experiments-live/dmn-check-wpi/validators/src/main/java/de/redsix/dmncheck/validators/DefinitionsIdAndNameValidator.java:[5,7] error: [type.checking.not.run] RegexChecker did not run because of a previous error issued by javac
[ERROR] /Users/daniel/Documents/njit/WPI-Research/experiments-live/dmn-check-wpi/validators/src/main/java/de/redsix/dmncheck/validators/DefinitionsIdAndNameValidator.java:[5,7] error: [type.checking.not.run] NullnessChecker did not run because of a previous error issued by javac
[ERROR] /Users/daniel/Documents/njit/WPI-Research/experiments-live/dmn-check-wpi/validators/src/main/java/de/redsix/dmncheck/validators/DefinitionsIdAndNameValidator.java:[5,7] error: [type.checking.not.run] FormatterChecker did not run because of a previous error issued by javac
[ERROR] /Users/daniel/Documents/njit/WPI-Research/experiments-live/dmn-check-wpi/validators/src/main/java/de/redsix/dmncheck/validators/InputEntryTypeValidator.java:[15,7] error: [type.checking.not.run] RegexChecker did not run because of a previous error issued by javac
[ERROR] /Users/daniel/Documents/njit/WPI-Research/experiments-live/dmn-check-wpi/validators/src/main/java/de/redsix/dmncheck/validators/InputEntryTypeValidator.java:[15,7] error: [type.checking.not.run] NullnessChecker did not run because of a previous error issued by javac
[ERROR] /Users/daniel/Documents/njit/WPI-Research/experiments-live/dmn-check-wpi/validators/src/main/java/de/redsix/dmncheck/validators/InputEntryTypeValidator.java:[15,7] error: [type.checking.not.run] FormatterChecker did not run because of a previous error issued by javac
[ERROR] /Users/daniel/Documents/njit/WPI-Research/experiments-live/dmn-check-wpi/validators/src/main/java/de/redsix/dmncheck/validators/ElementTypeDeclarationValidator.java:[17,16] error: [type.checking.not.run] RegexChecker did not run because of a previous error issued by javac
[ERROR] /Users/daniel/Documents/njit/WPI-Research/experiments-live/dmn-check-wpi/validators/src/main/java/de/redsix/dmncheck/validators/ElementTypeDeclarationValidator.java:[17,16] error: [type.checking.not.run] NullnessChecker did not run because of a previous error issued by javac
[ERROR] /Users/daniel/Documents/njit/WPI-Research/experiments-live/dmn-check-wpi/validators/src/main/java/de/redsix/dmncheck/validators/ElementTypeDeclarationValidator.java:[17,16] error: [type.checking.not.run] FormatterChecker did not run because of a previous error issued by javac
[ERROR] /Users/daniel/Documents/njit/WPI-Research/experiments-live/dmn-check-wpi/validators/src/main/java/de/redsix/dmncheck/validators/OutputEntryTypeValidator.java:[15,7] error: [type.checking.not.run] RegexChecker did not run because of a previous error issued by javac
[ERROR] /Users/daniel/Documents/njit/WPI-Research/experiments-live/dmn-check-wpi/validators/src/main/java/de/redsix/dmncheck/validators/OutputEntryTypeValidator.java:[15,7] error: [type.checking.not.run] NullnessChecker did not run because of a previous error issued by javac
[ERROR] /Users/daniel/Documents/njit/WPI-Research/experiments-live/dmn-check-wpi/validators/src/main/java/de/redsix/dmncheck/validators/OutputEntryTypeValidator.java:[15,7] error: [type.checking.not.run] FormatterChecker did not run because of a previous error issued by javac
[ERROR] /Users/daniel/Documents/njit/WPI-Research/experiments-live/dmn-check-wpi/validators/src/main/java/de/redsix/dmncheck/validators/DecisionIdAndNameValidator.java:[5,7] error: [type.checking.not.run] RegexChecker did not run because of a previous error issued by javac
[ERROR] /Users/daniel/Documents/njit/WPI-Research/experiments-live/dmn-check-wpi/validators/src/main/java/de/redsix/dmncheck/validators/DecisionIdAndNameValidator.java:[5,7] error: [type.checking.not.run] NullnessChecker did not run because of a previous error issued by javac
[ERROR] /Users/daniel/Documents/njit/WPI-Research/experiments-live/dmn-check-wpi/validators/src/main/java/de/redsix/dmncheck/validators/DecisionIdAndNameValidator.java:[5,7] error: [type.checking.not.run] FormatterChecker did not run because of a previous error issued by javac
[ERROR] /Users/daniel/Documents/njit/WPI-Research/experiments-live/dmn-check-wpi/validators/src/main/java/de/redsix/dmncheck/util/ProjectClassLoader.java:[5,7] error: [type.checking.not.run] RegexChecker did not run because of a previous error issued by javac
[ERROR] /Users/daniel/Documents/njit/WPI-Research/experiments-live/dmn-check-wpi/validators/src/main/java/de/redsix/dmncheck/util/ProjectClassLoader.java:[5,7] error: [type.checking.not.run] NullnessChecker did not run because of a previous error issued by javac
[ERROR] /Users/daniel/Documents/njit/WPI-Research/experiments-live/dmn-check-wpi/validators/src/main/java/de/redsix/dmncheck/util/ProjectClassLoader.java:[5,7] error: [type.checking.not.run] FormatterChecker did not run because of a previous error issued by javac
[ERROR] /Users/daniel/Documents/njit/WPI-Research/experiments-live/dmn-check-wpi/validators/src/main/java/de/redsix/dmncheck/validators/KnowledgeSourceIdAndNameValidator.java:[5,7] error: [type.checking.not.run] RegexChecker did not run because of a previous error issued by javac
[ERROR] /Users/daniel/Documents/njit/WPI-Research/experiments-live/dmn-check-wpi/validators/src/main/java/de/redsix/dmncheck/validators/KnowledgeSourceIdAndNameValidator.java:[5,7] error: [type.checking.not.run] NullnessChecker did not run because of a previous error issued by javac
[ERROR] /Users/daniel/Documents/njit/WPI-Research/experiments-live/dmn-check-wpi/validators/src/main/java/de/redsix/dmncheck/validators/KnowledgeSourceIdAndNameValidator.java:[5,7] error: [type.checking.not.run] FormatterChecker did not run because of a previous error issued by javac
[ERROR] /Users/daniel/Documents/njit/WPI-Research/experiments-live/dmn-check-wpi/validators/src/main/java/de/redsix/dmncheck/util/Util.java:[11,13] error: [type.checking.not.run] RegexChecker did not run because of a previous error issued by javac
[ERROR] /Users/daniel/Documents/njit/WPI-Research/experiments-live/dmn-check-wpi/validators/src/main/java/de/redsix/dmncheck/util/Util.java:[11,13] error: [type.checking.not.run] NullnessChecker did not run because of a previous error issued by javac
[ERROR] /Users/daniel/Documents/njit/WPI-Research/experiments-live/dmn-check-wpi/validators/src/main/java/de/redsix/dmncheck/util/Util.java:[11,13] error: [type.checking.not.run] FormatterChecker did not run because of a previous error issued by javac
[ERROR] /Users/daniel/Documents/njit/WPI-Research/experiments-live/dmn-check-wpi/validators/src/main/java/de/redsix/dmncheck/validators/ItemDefinitionIdAndNameValidator.java:[5,7] error: [type.checking.not.run] RegexChecker did not run because of a previous error issued by javac
[ERROR] /Users/daniel/Documents/njit/WPI-Research/experiments-live/dmn-check-wpi/validators/src/main/java/de/redsix/dmncheck/validators/ItemDefinitionIdAndNameValidator.java:[5,7] error: [type.checking.not.run] NullnessChecker did not run because of a previous error issued by javac
[ERROR] /Users/daniel/Documents/njit/WPI-Research/experiments-live/dmn-check-wpi/validators/src/main/java/de/redsix/dmncheck/validators/ItemDefinitionIdAndNameValidator.java:[5,7] error: [type.checking.not.run] FormatterChecker did not run because of a previous error issued by javac
[ERROR] /Users/daniel/Documents/njit/WPI-Research/experiments-live/dmn-check-wpi/validators/src/main/java/de/redsix/dmncheck/feel/Subsumption.java:[7,6] error: [type.checking.not.run] RegexChecker did not run because of a previous error issued by javac
[ERROR] /Users/daniel/Documents/njit/WPI-Research/experiments-live/dmn-check-wpi/validators/src/main/java/de/redsix/dmncheck/feel/Subsumption.java:[7,6] error: [type.checking.not.run] NullnessChecker did not run because of a previous error issued by javac
[ERROR] /Users/daniel/Documents/njit/WPI-Research/experiments-live/dmn-check-wpi/validators/src/main/java/de/redsix/dmncheck/feel/Subsumption.java:[7,6] error: [type.checking.not.run] FormatterChecker did not run because of a previous error issued by javac
[ERROR] /Users/daniel/Documents/njit/WPI-Research/experiments-live/dmn-check-wpi/validators/src/main/java/de/redsix/dmncheck/validators/InputTypeDeclarationValidator.java:[6,7] error: [type.checking.not.run] RegexChecker did not run because of a previous error issued by javac
[ERROR] /Users/daniel/Documents/njit/WPI-Research/experiments-live/dmn-check-wpi/validators/src/main/java/de/redsix/dmncheck/validators/InputTypeDeclarationValidator.java:[6,7] error: [type.checking.not.run] NullnessChecker did not run because of a previous error issued by javac
[ERROR] /Users/daniel/Documents/njit/WPI-Research/experiments-live/dmn-check-wpi/validators/src/main/java/de/redsix/dmncheck/validators/InputTypeDeclarationValidator.java:[6,7] error: [type.checking.not.run] FormatterChecker did not run because of a previous error issued by javac
[ERROR] /Users/daniel/Documents/njit/WPI-Research/experiments-live/dmn-check-wpi/validators/src/main/java/de/redsix/dmncheck/validators/ConflictingRuleValidator.java:[19,7] error: [type.checking.not.run] RegexChecker did not run because of a previous error issued by javac
[ERROR] /Users/daniel/Documents/njit/WPI-Research/experiments-live/dmn-check-wpi/validators/src/main/java/de/redsix/dmncheck/validators/ConflictingRuleValidator.java:[19,7] error: [type.checking.not.run] NullnessChecker did not run because of a previous error issued by javac
[ERROR] /Users/daniel/Documents/njit/WPI-Research/experiments-live/dmn-check-wpi/validators/src/main/java/de/redsix/dmncheck/validators/ConflictingRuleValidator.java:[19,7] error: [type.checking.not.run] FormatterChecker did not run because of a previous error issued by javac
[ERROR] /Users/daniel/Documents/njit/WPI-Research/experiments-live/dmn-check-wpi/validators/src/main/java/de/redsix/dmncheck/validators/OutputTypeDeclarationValidator.java:[6,7] error: [type.checking.not.run] RegexChecker did not run because of a previous error issued by javac
[ERROR] /Users/daniel/Documents/njit/WPI-Research/experiments-live/dmn-check-wpi/validators/src/main/java/de/redsix/dmncheck/validators/OutputTypeDeclarationValidator.java:[6,7] error: [type.checking.not.run] NullnessChecker did not run because of a previous error issued by javac
[ERROR] /Users/daniel/Documents/njit/WPI-Research/experiments-live/dmn-check-wpi/validators/src/main/java/de/redsix/dmncheck/validators/OutputTypeDeclarationValidator.java:[6,7] error: [type.checking.not.run] FormatterChecker did not run because of a previous error issued by javac
[ERROR] /Users/daniel/Documents/njit/WPI-Research/experiments-live/dmn-check-wpi/validators/src/main/java/de/redsix/dmncheck/validators/ShadowedRuleValidator.java:[24,7] error: [type.checking.not.run] RegexChecker did not run because of a previous error issued by javac
[ERROR] /Users/daniel/Documents/njit/WPI-Research/experiments-live/dmn-check-wpi/validators/src/main/java/de/redsix/dmncheck/validators/ShadowedRuleValidator.java:[24,7] error: [type.checking.not.run] NullnessChecker did not run because of a previous error issued by javac
[ERROR] /Users/daniel/Documents/njit/WPI-Research/experiments-live/dmn-check-wpi/validators/src/main/java/de/redsix/dmncheck/validators/ShadowedRuleValidator.java:[24,7] error: [type.checking.not.run] FormatterChecker did not run because of a previous error issued by javac
[ERROR] /Users/daniel/Documents/njit/WPI-Research/experiments-live/dmn-check-wpi/validators/src/main/java/de/redsix/dmncheck/validators/InputValuesTypeValidator.java:[13,7] error: [type.checking.not.run] RegexChecker did not run because of a previous error issued by javac
[ERROR] /Users/daniel/Documents/njit/WPI-Research/experiments-live/dmn-check-wpi/validators/src/main/java/de/redsix/dmncheck/validators/InputValuesTypeValidator.java:[13,7] error: [type.checking.not.run] NullnessChecker did not run because of a previous error issued by javac
[ERROR] /Users/daniel/Documents/njit/WPI-Research/experiments-live/dmn-check-wpi/validators/src/main/java/de/redsix/dmncheck/validators/InputValuesTypeValidator.java:[13,7] error: [type.checking.not.run] FormatterChecker did not run because of a previous error issued by javac
[ERROR] -> [Help 1]
[ERROR] 
[ERROR] To see the full stack trace of the errors, re-run Maven with the -e switch.
[ERROR] Re-run Maven using the -X switch to enable full debug logging.
[ERROR] 
[ERROR] For more information about the errors and possible solutions, please read the following articles:
[ERROR] [Help 1] http://cwiki.apache.org/confluence/display/MAVEN/MojoFailureException
[ERROR] 
[ERROR] After correcting the problems, you can resume the build with the command
[ERROR]   mvn <args> -rf :dmn-check-validators
