[WARNING] /Users/daniel/Documents/njit/WPI-Research/experiments-live/dmn-check-wpi/core/src/main/java/de/redsix/dmncheck/validators/core/ValidationContext.java:[25,49] [nullness:return] incompatible types in return.
  type of expression: U[ extends @Initialized @Nullable Object super @Initialized @Nullable Void]
  method return type: U[ extends @Initialized @Nullable Object super @Initialized @NonNull Void]

[WARNING] /Users/daniel/Documents/njit/WPI-Research/experiments-live/dmn-check-wpi/validators/src/main/java/de/redsix/dmncheck/validators/TypeValidator.java:[27,91] [nullness:argument] incompatible argument for parameter topLevelExpressionLanguage of TopLevelExpressionLanguage.
  found   : null (NullType)
  required: @Initialized @NonNull String
[WARNING] /Users/daniel/Documents/njit/WPI-Research/experiments-live/dmn-check-wpi/validators/src/main/java/de/redsix/dmncheck/feel/ExpressionType.java:[35,42] [nullness:override.param] Incompatible parameter type for obj.
  found   : @Initialized @NonNull Object
  required: @Initialized @Nullable Object
  Consequence: method in @Initialized @NonNull ExpressionType
    @Initialized @NonNull boolean equals(@Initialized @NonNull ExpressionType this, @Initialized @NonNull Object p0)
  cannot override method in @Initialized @NonNull Object
    @Initialized @NonNull boolean equals(@Initialized @NonNull Object this, @Initialized @Nullable Object p0)
[WARNING] /Users/daniel/Documents/njit/WPI-Research/experiments-live/dmn-check-wpi/validators/src/main/java/de/redsix/dmncheck/util/Either.java:[43,42] [nullness:override.param] Incompatible parameter type for obj.
  found   : @Initialized @NonNull Object
  required: @Initialized @Nullable Object
  Consequence: method in @Initialized @NonNull Either<A extends @Initialized @Nullable Object, B extends @Initialized @Nullable Object>
    @Initialized @NonNull boolean equals(@Initialized @NonNull Either<A extends @Initialized @Nullable Object, B extends @Initialized @Nullable Object> this, @Initialized @NonNull Object p0)
  cannot override method in @Initialized @NonNull Object
    @Initialized @NonNull boolean equals(@Initialized @NonNull Object this, @Initialized @Nullable Object p0)
[WARNING] /Users/daniel/Documents/njit/WPI-Research/experiments-live/dmn-check-wpi/validators/src/main/java/de/redsix/dmncheck/feel/FeelExpression.java:[84,42] [nullness:override.param] Incompatible parameter type for obj.
  found   : @Initialized @NonNull Object
  required: @Initialized @Nullable Object
  Consequence: method in @Initialized @NonNull FeelExpression
    @Initialized @NonNull boolean equals(@Initialized @NonNull FeelExpression this, @Initialized @NonNull Object p0)
  cannot override method in @Initialized @NonNull Object
    @Initialized @NonNull boolean equals(@Initialized @NonNull Object this, @Initialized @Nullable Object p0)
[WARNING] /Users/daniel/Documents/njit/WPI-Research/experiments-live/dmn-check-wpi/validators/src/main/java/de/redsix/dmncheck/util/ValidatorLoader.java:[23,35] [nullness:initialization.static.field.uninitialized] static field validators not initialized
[WARNING] /Users/daniel/Documents/njit/WPI-Research/experiments-live/dmn-check-wpi/validators/src/main/java/de/redsix/dmncheck/util/ValidatorLoader.java:[30,29] [nullness:argument] incompatible argument for parameter packages of getValidators.
  found   : null (NullType)
  required: @Initialized @NonNull String @Initialized @NonNull []
[WARNING] /Users/daniel/Documents/njit/WPI-Research/experiments-live/dmn-check-wpi/validators/src/main/java/de/redsix/dmncheck/util/ValidatorLoader.java:[30,35] [nullness:argument] incompatible argument for parameter classes of getValidators.
  found   : null (NullType)
  required: @Initialized @NonNull String @Initialized @NonNull []
[WARNING] /Users/daniel/Documents/njit/WPI-Research/experiments-live/dmn-check-wpi/validators/src/main/java/de/redsix/dmncheck/validators/ConnectedRequirementGraphValidator.java:[28,99] [nullness:argument] incompatible argument for parameter topLevelExpressionLanguage of TopLevelExpressionLanguage.
  found   : null (NullType)
  required: @Initialized @NonNull String
[WARNING] /Users/daniel/Documents/njit/WPI-Research/experiments-live/dmn-check-wpi/validators/src/main/java/de/redsix/dmncheck/util/ProjectClassLoader.java:[9,23] [nullness:initialization.field.uninitialized] the default constructor does not initialize field classLoader
[WARNING] /Users/daniel/Documents/njit/WPI-Research/experiments-live/dmn-check-wpi/validators/src/main/java/de/redsix/dmncheck/validators/ShadowedRuleValidator.java:[26,99] [nullness:argument] incompatible argument for parameter topLevelExpressionLanguage of TopLevelExpressionLanguage.
  found   : null (NullType)
  required: @Initialized @NonNull String

[WARNING] /Users/daniel/Documents/njit/WPI-Research/experiments-live/dmn-check-wpi/server/src/main/java/de/redsix/dmncheck/server/ValidationServer.java:[58,55] [nullness:argument] incompatible argument for parameter message of nullsafeError.
  found   : @Initialized @Nullable String
  required: @Initialized @NonNull String
[WARNING] /Users/daniel/Documents/njit/WPI-Research/experiments-live/dmn-check-wpi/server/src/main/java/de/redsix/dmncheck/server/ValidationServer.java:[60,143] [nullness:argument] incompatible argument for parameter message of nullsafeError.
  found   : @Initialized @Nullable String
  required: @Initialized @NonNull String
[WARNING] /Users/daniel/Documents/njit/WPI-Research/experiments-live/dmn-check-wpi/server/src/main/java/de/redsix/dmncheck/server/ValidationServer.java:[62,55] [nullness:argument] incompatible argument for parameter message of nullsafeError.
  found   : @Initialized @Nullable String
  required: @Initialized @NonNull String
[WARNING] /Users/daniel/Documents/njit/WPI-Research/experiments-live/dmn-check-wpi/server/src/main/java/de/redsix/dmncheck/server/ValidationServer.java:[64,114] [nullness:argument] incompatible argument for parameter message of nullsafeError.
  found   : @Initialized @Nullable String
  required: @Initialized @NonNull String

[WARNING] /Users/daniel/Documents/njit/WPI-Research/experiments-live/dmn-check-wpi/maven-plugin/src/main/java/de/redsix/dmncheck/CheckerMain.java:[58,67] [regex:purity.not.deterministic.not.sideeffectfree.call] call to non-deterministic side-effecting getLog not allowed in deterministic side-effect-free method
[WARNING] /Users/daniel/Documents/njit/WPI-Research/experiments-live/dmn-check-wpi/maven-plugin/src/main/java/de/redsix/dmncheck/CheckerMain.java:[58,83] [regex:purity.not.deterministic.not.sideeffectfree.call] call to non-deterministic side-effecting getLog not allowed in deterministic side-effect-free method
[WARNING] /Users/daniel/Documents/njit/WPI-Research/experiments-live/dmn-check-wpi/maven-plugin/src/main/java/de/redsix/dmncheck/CheckerMain.java:[58,99] [regex:purity.not.deterministic.not.sideeffectfree.call] call to non-deterministic side-effecting getLog not allowed in deterministic side-effect-free method
[WARNING] /Users/daniel/Documents/njit/WPI-Research/experiments-live/dmn-check-wpi/maven-plugin/src/main/java/de/redsix/dmncheck/CheckerMain.java:[58,15] [regex:purity.not.sideeffectfree.call] call to side-effecting PrettyPrintValidationResults.PluginLogger not allowed in side-effect-free method
[WARNING] /Users/daniel/Documents/njit/WPI-Research/experiments-live/dmn-check-wpi/maven-plugin/src/main/java/de/redsix/dmncheck/CheckerMain.java:[58,15] [regex:purity.not.deterministic.object.creation] object creation not allowed in deterministic method
[WARNING] /Users/daniel/Documents/njit/WPI-Research/experiments-live/dmn-check-wpi/maven-plugin/src/main/java/de/redsix/dmncheck/CheckerMain.java:[64,32] [regex:purity.not.deterministic.call] call to non-deterministic method Arrays.asList not allowed in deterministic method
[WARNING] /Users/daniel/Documents/njit/WPI-Research/experiments-live/dmn-check-wpi/maven-plugin/src/main/java/de/redsix/dmncheck/CheckerMain.java:[66,19] [regex:purity.not.deterministic.object.creation] object creation not allowed in deterministic method
[WARNING] /Users/daniel/Documents/njit/WPI-Research/experiments-live/dmn-check-wpi/maven-plugin/src/main/java/de/redsix/dmncheck/CheckerMain.java:[75,44] [regex:purity.not.deterministic.not.sideeffectfree.call] call to non-deterministic side-effecting Collections.singletonList not allowed in deterministic side-effect-free method
[WARNING] /Users/daniel/Documents/njit/WPI-Research/experiments-live/dmn-check-wpi/maven-plugin/src/main/java/de/redsix/dmncheck/CheckerMain.java:[73,32] [regex:purity.not.deterministic.call] call to non-deterministic method Arrays.asList not allowed in deterministic method
[WARNING] /Users/daniel/Documents/njit/WPI-Research/experiments-live/dmn-check-wpi/maven-plugin/src/main/java/de/redsix/dmncheck/CheckerMain.java:[58,15] [keyfor:purity.not.deterministic.object.creation] object creation not allowed in deterministic method
[WARNING] /Users/daniel/Documents/njit/WPI-Research/experiments-live/dmn-check-wpi/maven-plugin/src/main/java/de/redsix/dmncheck/CheckerMain.java:[58,15] [keyfor:purity.not.sideeffectfree.call] call to side-effecting PrettyPrintValidationResults.PluginLogger not allowed in side-effect-free method
[WARNING] /Users/daniel/Documents/njit/WPI-Research/experiments-live/dmn-check-wpi/maven-plugin/src/main/java/de/redsix/dmncheck/CheckerMain.java:[58,15] [nullness:purity.not.deterministic.object.creation] object creation not allowed in deterministic method
[WARNING] /Users/daniel/Documents/njit/WPI-Research/experiments-live/dmn-check-wpi/maven-plugin/src/main/java/de/redsix/dmncheck/CheckerMain.java:[58,15] [nullness:purity.not.sideeffectfree.call] call to side-effecting PrettyPrintValidationResults.PluginLogger not allowed in side-effect-free method
[WARNING] /Users/daniel/Documents/njit/WPI-Research/experiments-live/dmn-check-wpi/maven-plugin/src/main/java/de/redsix/dmncheck/CheckerMain.java:[58,67] [keyfor:purity.not.deterministic.not.sideeffectfree.call] call to non-deterministic side-effecting getLog not allowed in deterministic side-effect-free method
[WARNING] /Users/daniel/Documents/njit/WPI-Research/experiments-live/dmn-check-wpi/maven-plugin/src/main/java/de/redsix/dmncheck/CheckerMain.java:[58,67] [nullness:purity.not.deterministic.not.sideeffectfree.call] call to non-deterministic side-effecting getLog not allowed in deterministic side-effect-free method
[WARNING] /Users/daniel/Documents/njit/WPI-Research/experiments-live/dmn-check-wpi/maven-plugin/src/main/java/de/redsix/dmncheck/CheckerMain.java:[58,83] [keyfor:purity.not.deterministic.not.sideeffectfree.call] call to non-deterministic side-effecting getLog not allowed in deterministic side-effect-free method
[WARNING] /Users/daniel/Documents/njit/WPI-Research/experiments-live/dmn-check-wpi/maven-plugin/src/main/java/de/redsix/dmncheck/CheckerMain.java:[58,83] [nullness:purity.not.deterministic.not.sideeffectfree.call] call to non-deterministic side-effecting getLog not allowed in deterministic side-effect-free method
[WARNING] /Users/daniel/Documents/njit/WPI-Research/experiments-live/dmn-check-wpi/maven-plugin/src/main/java/de/redsix/dmncheck/CheckerMain.java:[58,99] [keyfor:purity.not.deterministic.not.sideeffectfree.call] call to non-deterministic side-effecting getLog not allowed in deterministic side-effect-free method
[WARNING] /Users/daniel/Documents/njit/WPI-Research/experiments-live/dmn-check-wpi/maven-plugin/src/main/java/de/redsix/dmncheck/CheckerMain.java:[58,99] [nullness:purity.not.deterministic.not.sideeffectfree.call] call to non-deterministic side-effecting getLog not allowed in deterministic side-effect-free method
[WARNING] /Users/daniel/Documents/njit/WPI-Research/experiments-live/dmn-check-wpi/maven-plugin/src/main/java/de/redsix/dmncheck/CheckerMain.java:[64,32] [keyfor:purity.not.deterministic.call] call to non-deterministic method Arrays.asList not allowed in deterministic method
[WARNING] /Users/daniel/Documents/njit/WPI-Research/experiments-live/dmn-check-wpi/maven-plugin/src/main/java/de/redsix/dmncheck/CheckerMain.java:[64,32] [nullness:purity.not.deterministic.call] call to non-deterministic method Arrays.asList not allowed in deterministic method
[WARNING] /Users/daniel/Documents/njit/WPI-Research/experiments-live/dmn-check-wpi/maven-plugin/src/main/java/de/redsix/dmncheck/CheckerMain.java:[66,19] [keyfor:purity.not.deterministic.object.creation] object creation not allowed in deterministic method
[WARNING] /Users/daniel/Documents/njit/WPI-Research/experiments-live/dmn-check-wpi/maven-plugin/src/main/java/de/redsix/dmncheck/CheckerMain.java:[66,19] [nullness:purity.not.deterministic.object.creation] object creation not allowed in deterministic method
[WARNING] /Users/daniel/Documents/njit/WPI-Research/experiments-live/dmn-check-wpi/maven-plugin/src/main/java/de/redsix/dmncheck/CheckerMain.java:[73,32] [keyfor:purity.not.deterministic.call] call to non-deterministic method Arrays.asList not allowed in deterministic method
[WARNING] /Users/daniel/Documents/njit/WPI-Research/experiments-live/dmn-check-wpi/maven-plugin/src/main/java/de/redsix/dmncheck/CheckerMain.java:[73,32] [nullness:purity.not.deterministic.call] call to non-deterministic method Arrays.asList not allowed in deterministic method
[WARNING] /Users/daniel/Documents/njit/WPI-Research/experiments-live/dmn-check-wpi/maven-plugin/src/main/java/de/redsix/dmncheck/CheckerMain.java:[75,44] [keyfor:purity.not.deterministic.not.sideeffectfree.call] call to non-deterministic side-effecting Collections.singletonList not allowed in deterministic side-effect-free method
[WARNING] /Users/daniel/Documents/njit/WPI-Research/experiments-live/dmn-check-wpi/maven-plugin/src/main/java/de/redsix/dmncheck/CheckerMain.java:[75,44] [nullness:purity.not.deterministic.not.sideeffectfree.call] call to non-deterministic side-effecting Collections.singletonList not allowed in deterministic side-effect-free method
[WARNING] /Users/daniel/Documents/njit/WPI-Research/experiments-live/dmn-check-wpi/maven-plugin/src/main/java/de/redsix/dmncheck/CheckerMain.java:[58,67] [formatter:purity.not.deterministic.not.sideeffectfree.call] call to non-deterministic side-effecting getLog not allowed in deterministic side-effect-free method
[WARNING] /Users/daniel/Documents/njit/WPI-Research/experiments-live/dmn-check-wpi/maven-plugin/src/main/java/de/redsix/dmncheck/CheckerMain.java:[58,83] [formatter:purity.not.deterministic.not.sideeffectfree.call] call to non-deterministic side-effecting getLog not allowed in deterministic side-effect-free method
[WARNING] /Users/daniel/Documents/njit/WPI-Research/experiments-live/dmn-check-wpi/maven-plugin/src/main/java/de/redsix/dmncheck/CheckerMain.java:[58,99] [formatter:purity.not.deterministic.not.sideeffectfree.call] call to non-deterministic side-effecting getLog not allowed in deterministic side-effect-free method
[WARNING] /Users/daniel/Documents/njit/WPI-Research/experiments-live/dmn-check-wpi/maven-plugin/src/main/java/de/redsix/dmncheck/CheckerMain.java:[58,15] [formatter:purity.not.sideeffectfree.call] call to side-effecting PrettyPrintValidationResults.PluginLogger not allowed in side-effect-free method
[WARNING] /Users/daniel/Documents/njit/WPI-Research/experiments-live/dmn-check-wpi/maven-plugin/src/main/java/de/redsix/dmncheck/CheckerMain.java:[58,15] [formatter:purity.not.deterministic.object.creation] object creation not allowed in deterministic method
[WARNING] /Users/daniel/Documents/njit/WPI-Research/experiments-live/dmn-check-wpi/maven-plugin/src/main/java/de/redsix/dmncheck/CheckerMain.java:[64,32] [formatter:purity.not.deterministic.call] call to non-deterministic method Arrays.asList not allowed in deterministic method
[WARNING] /Users/daniel/Documents/njit/WPI-Research/experiments-live/dmn-check-wpi/maven-plugin/src/main/java/de/redsix/dmncheck/CheckerMain.java:[66,19] [formatter:purity.not.deterministic.object.creation] object creation not allowed in deterministic method
[WARNING] /Users/daniel/Documents/njit/WPI-Research/experiments-live/dmn-check-wpi/maven-plugin/src/main/java/de/redsix/dmncheck/CheckerMain.java:[75,44] [formatter:purity.not.deterministic.not.sideeffectfree.call] call to non-deterministic side-effecting Collections.singletonList not allowed in deterministic side-effect-free method
[WARNING] /Users/daniel/Documents/njit/WPI-Research/experiments-live/dmn-check-wpi/maven-plugin/src/main/java/de/redsix/dmncheck/CheckerMain.java:[73,32] [formatter:purity.not.deterministic.call] call to non-deterministic method Arrays.asList not allowed in deterministic method

[WARNING] /Users/daniel/Documents/njit/WPI-Research/experiments-live/dmn-check-wpi/cli/src/main/java/de/redsix/dmncheck/cli/Main.java:[52,79] [regex:purity.not.deterministic.not.sideeffectfree.call] call to non-deterministic side-effecting logger.info not allowed in deterministic side-effect-free method
[WARNING] /Users/daniel/Documents/njit/WPI-Research/experiments-live/dmn-check-wpi/cli/src/main/java/de/redsix/dmncheck/cli/Main.java:[53,34] [regex:purity.not.deterministic.not.sideeffectfree.call] call to non-deterministic side-effecting logger.warn not allowed in deterministic side-effect-free method
[WARNING] /Users/daniel/Documents/njit/WPI-Research/experiments-live/dmn-check-wpi/cli/src/main/java/de/redsix/dmncheck/cli/Main.java:[53,69] [regex:purity.not.deterministic.not.sideeffectfree.call] call to non-deterministic side-effecting logger.error not allowed in deterministic side-effect-free method
[WARNING] /Users/daniel/Documents/njit/WPI-Research/experiments-live/dmn-check-wpi/cli/src/main/java/de/redsix/dmncheck/cli/Main.java:[52,15] [regex:purity.not.sideeffectfree.call] call to side-effecting PrettyPrintValidationResults.PluginLogger not allowed in side-effect-free method
[WARNING] /Users/daniel/Documents/njit/WPI-Research/experiments-live/dmn-check-wpi/cli/src/main/java/de/redsix/dmncheck/cli/Main.java:[52,15] [regex:purity.not.deterministic.object.creation] object creation not allowed in deterministic method
[WARNING] /Users/daniel/Documents/njit/WPI-Research/experiments-live/dmn-check-wpi/cli/src/main/java/de/redsix/dmncheck/cli/Main.java:[52,90] [regex:purity.not.deterministic.call] call to non-deterministic method t.toString not allowed in deterministic method
[WARNING] /Users/daniel/Documents/njit/WPI-Research/experiments-live/dmn-check-wpi/cli/src/main/java/de/redsix/dmncheck/cli/Main.java:[53,45] [regex:purity.not.deterministic.call] call to non-deterministic method t.toString not allowed in deterministic method
[WARNING] /Users/daniel/Documents/njit/WPI-Research/experiments-live/dmn-check-wpi/cli/src/main/java/de/redsix/dmncheck/cli/Main.java:[53,80] [regex:purity.not.deterministic.call] call to non-deterministic method t.toString not allowed in deterministic method
[WARNING] /Users/daniel/Documents/njit/WPI-Research/experiments-live/dmn-check-wpi/cli/src/main/java/de/redsix/dmncheck/cli/Main.java:[59,40] [regex:purity.not.deterministic.call] call to non-deterministic method Collections.emptyList not allowed in deterministic method
[WARNING] /Users/daniel/Documents/njit/WPI-Research/experiments-live/dmn-check-wpi/cli/src/main/java/de/redsix/dmncheck/cli/Main.java:[68,44] [regex:purity.not.deterministic.not.sideeffectfree.call] call to non-deterministic side-effecting Collections.singletonList not allowed in deterministic side-effect-free method
[WARNING] /Users/daniel/Documents/njit/WPI-Research/experiments-live/dmn-check-wpi/cli/src/main/java/de/redsix/dmncheck/cli/Main.java:[52,15] [keyfor:purity.not.deterministic.object.creation] object creation not allowed in deterministic method
[WARNING] /Users/daniel/Documents/njit/WPI-Research/experiments-live/dmn-check-wpi/cli/src/main/java/de/redsix/dmncheck/cli/Main.java:[52,15] [keyfor:purity.not.sideeffectfree.call] call to side-effecting PrettyPrintValidationResults.PluginLogger not allowed in side-effect-free method
[WARNING] /Users/daniel/Documents/njit/WPI-Research/experiments-live/dmn-check-wpi/cli/src/main/java/de/redsix/dmncheck/cli/Main.java:[52,15] [nullness:purity.not.deterministic.object.creation] object creation not allowed in deterministic method
[WARNING] /Users/daniel/Documents/njit/WPI-Research/experiments-live/dmn-check-wpi/cli/src/main/java/de/redsix/dmncheck/cli/Main.java:[52,15] [nullness:purity.not.sideeffectfree.call] call to side-effecting PrettyPrintValidationResults.PluginLogger not allowed in side-effect-free method
[WARNING] /Users/daniel/Documents/njit/WPI-Research/experiments-live/dmn-check-wpi/cli/src/main/java/de/redsix/dmncheck/cli/Main.java:[52,79] [keyfor:purity.not.deterministic.not.sideeffectfree.call] call to non-deterministic side-effecting logger.info not allowed in deterministic side-effect-free method
[WARNING] /Users/daniel/Documents/njit/WPI-Research/experiments-live/dmn-check-wpi/cli/src/main/java/de/redsix/dmncheck/cli/Main.java:[52,79] [nullness:purity.not.deterministic.not.sideeffectfree.call] call to non-deterministic side-effecting logger.info not allowed in deterministic side-effect-free method
[WARNING] /Users/daniel/Documents/njit/WPI-Research/experiments-live/dmn-check-wpi/cli/src/main/java/de/redsix/dmncheck/cli/Main.java:[52,90] [keyfor:purity.not.deterministic.call] call to non-deterministic method t.toString not allowed in deterministic method
[WARNING] /Users/daniel/Documents/njit/WPI-Research/experiments-live/dmn-check-wpi/cli/src/main/java/de/redsix/dmncheck/cli/Main.java:[52,90] [nullness:purity.not.deterministic.call] call to non-deterministic method t.toString not allowed in deterministic method
[WARNING] /Users/daniel/Documents/njit/WPI-Research/experiments-live/dmn-check-wpi/cli/src/main/java/de/redsix/dmncheck/cli/Main.java:[53,34] [keyfor:purity.not.deterministic.not.sideeffectfree.call] call to non-deterministic side-effecting logger.warn not allowed in deterministic side-effect-free method
[WARNING] /Users/daniel/Documents/njit/WPI-Research/experiments-live/dmn-check-wpi/cli/src/main/java/de/redsix/dmncheck/cli/Main.java:[53,34] [nullness:purity.not.deterministic.not.sideeffectfree.call] call to non-deterministic side-effecting logger.warn not allowed in deterministic side-effect-free method
[WARNING] /Users/daniel/Documents/njit/WPI-Research/experiments-live/dmn-check-wpi/cli/src/main/java/de/redsix/dmncheck/cli/Main.java:[53,45] [keyfor:purity.not.deterministic.call] call to non-deterministic method t.toString not allowed in deterministic method
[WARNING] /Users/daniel/Documents/njit/WPI-Research/experiments-live/dmn-check-wpi/cli/src/main/java/de/redsix/dmncheck/cli/Main.java:[53,45] [nullness:purity.not.deterministic.call] call to non-deterministic method t.toString not allowed in deterministic method
[WARNING] /Users/daniel/Documents/njit/WPI-Research/experiments-live/dmn-check-wpi/cli/src/main/java/de/redsix/dmncheck/cli/Main.java:[53,69] [keyfor:purity.not.deterministic.not.sideeffectfree.call] call to non-deterministic side-effecting logger.error not allowed in deterministic side-effect-free method
[WARNING] /Users/daniel/Documents/njit/WPI-Research/experiments-live/dmn-check-wpi/cli/src/main/java/de/redsix/dmncheck/cli/Main.java:[53,69] [nullness:purity.not.deterministic.not.sideeffectfree.call] call to non-deterministic side-effecting logger.error not allowed in deterministic side-effect-free method
[WARNING] /Users/daniel/Documents/njit/WPI-Research/experiments-live/dmn-check-wpi/cli/src/main/java/de/redsix/dmncheck/cli/Main.java:[53,80] [keyfor:purity.not.deterministic.call] call to non-deterministic method t.toString not allowed in deterministic method
[WARNING] /Users/daniel/Documents/njit/WPI-Research/experiments-live/dmn-check-wpi/cli/src/main/java/de/redsix/dmncheck/cli/Main.java:[53,80] [nullness:purity.not.deterministic.call] call to non-deterministic method t.toString not allowed in deterministic method
[WARNING] /Users/daniel/Documents/njit/WPI-Research/experiments-live/dmn-check-wpi/cli/src/main/java/de/redsix/dmncheck/cli/Main.java:[59,40] [keyfor:purity.not.deterministic.call] call to non-deterministic method Collections.emptyList not allowed in deterministic method
[WARNING] /Users/daniel/Documents/njit/WPI-Research/experiments-live/dmn-check-wpi/cli/src/main/java/de/redsix/dmncheck/cli/Main.java:[59,40] [nullness:purity.not.deterministic.call] call to non-deterministic method Collections.emptyList not allowed in deterministic method
[WARNING] /Users/daniel/Documents/njit/WPI-Research/experiments-live/dmn-check-wpi/cli/src/main/java/de/redsix/dmncheck/cli/Main.java:[68,44] [keyfor:purity.not.deterministic.not.sideeffectfree.call] call to non-deterministic side-effecting Collections.singletonList not allowed in deterministic side-effect-free method
[WARNING] /Users/daniel/Documents/njit/WPI-Research/experiments-live/dmn-check-wpi/cli/src/main/java/de/redsix/dmncheck/cli/Main.java:[68,44] [nullness:purity.not.deterministic.not.sideeffectfree.call] call to non-deterministic side-effecting Collections.singletonList not allowed in deterministic side-effect-free method
[WARNING] /Users/daniel/Documents/njit/WPI-Research/experiments-live/dmn-check-wpi/cli/src/main/java/de/redsix/dmncheck/cli/Main.java:[52,79] [formatter:purity.not.deterministic.not.sideeffectfree.call] call to non-deterministic side-effecting logger.info not allowed in deterministic side-effect-free method
[WARNING] /Users/daniel/Documents/njit/WPI-Research/experiments-live/dmn-check-wpi/cli/src/main/java/de/redsix/dmncheck/cli/Main.java:[53,34] [formatter:purity.not.deterministic.not.sideeffectfree.call] call to non-deterministic side-effecting logger.warn not allowed in deterministic side-effect-free method
[WARNING] /Users/daniel/Documents/njit/WPI-Research/experiments-live/dmn-check-wpi/cli/src/main/java/de/redsix/dmncheck/cli/Main.java:[53,69] [formatter:purity.not.deterministic.not.sideeffectfree.call] call to non-deterministic side-effecting logger.error not allowed in deterministic side-effect-free method
[WARNING] /Users/daniel/Documents/njit/WPI-Research/experiments-live/dmn-check-wpi/cli/src/main/java/de/redsix/dmncheck/cli/Main.java:[52,15] [formatter:purity.not.sideeffectfree.call] call to side-effecting PrettyPrintValidationResults.PluginLogger not allowed in side-effect-free method
[WARNING] /Users/daniel/Documents/njit/WPI-Research/experiments-live/dmn-check-wpi/cli/src/main/java/de/redsix/dmncheck/cli/Main.java:[52,15] [formatter:purity.not.deterministic.object.creation] object creation not allowed in deterministic method
[WARNING] /Users/daniel/Documents/njit/WPI-Research/experiments-live/dmn-check-wpi/cli/src/main/java/de/redsix/dmncheck/cli/Main.java:[52,90] [formatter:purity.not.deterministic.call] call to non-deterministic method t.toString not allowed in deterministic method
[WARNING] /Users/daniel/Documents/njit/WPI-Research/experiments-live/dmn-check-wpi/cli/src/main/java/de/redsix/dmncheck/cli/Main.java:[53,45] [formatter:purity.not.deterministic.call] call to non-deterministic method t.toString not allowed in deterministic method
[WARNING] /Users/daniel/Documents/njit/WPI-Research/experiments-live/dmn-check-wpi/cli/src/main/java/de/redsix/dmncheck/cli/Main.java:[53,80] [formatter:purity.not.deterministic.call] call to non-deterministic method t.toString not allowed in deterministic method
[WARNING] /Users/daniel/Documents/njit/WPI-Research/experiments-live/dmn-check-wpi/cli/src/main/java/de/redsix/dmncheck/cli/Main.java:[59,40] [formatter:purity.not.deterministic.call] call to non-deterministic method Collections.emptyList not allowed in deterministic method
[WARNING] /Users/daniel/Documents/njit/WPI-Research/experiments-live/dmn-check-wpi/cli/src/main/java/de/redsix/dmncheck/cli/Main.java:[68,44] [formatter:purity.not.deterministic.not.sideeffectfree.call] call to non-deterministic side-effecting Collections.singletonList not allowed in deterministic side-effect-free method