[WARNING] /Users/daniel/Documents/WPI-Research/experiments-live/dmn-check-wpi/server/src/main/java/de/redsix/dmncheck/server/ValidationServer.java:[58,55] [argument] incompatible argument for parameter message of nullsafeError.	
found   : @Initialized @Nullable String	
required: @Initialized @NonNull String	
[WARNING] /Users/daniel/Documents/WPI-Research/experiments-live/dmn-check-wpi/server/src/main/java/de/redsix/dmncheck/server/ValidationServer.java:[60,143] [argument] incompatible argument for parameter message of nullsafeError.	
found   : @Initialized @Nullable String	
required: @Initialized @NonNull String	
[WARNING] /Users/daniel/Documents/WPI-Research/experiments-live/dmn-check-wpi/server/src/main/java/de/redsix/dmncheck/server/ValidationServer.java:[62,55] [argument] incompatible argument for parameter message of nullsafeError.	
found   : @Initialized @Nullable String	
required: @Initialized @NonNull String	
[WARNING] /Users/daniel/Documents/WPI-Research/experiments-live/dmn-check-wpi/server/src/main/java/de/redsix/dmncheck/server/ValidationServer.java:[64,114] [argument] incompatible argument for parameter message of nullsafeError.	
found   : @Initialized @Nullable String	
required: @Initialized @NonNull String	
[WARNING] /Users/daniel/Documents/WPI-Research/experiments-live/dmn-check-wpi/core/src/main/java/de/redsix/dmncheck/result/ValidationResult.java:[52,19] [purity.not.sideeffectfree.call] call to side-effecting Builder.BuildStep not allowed in side-effect-free method	
[WARNING] /Users/daniel/Documents/WPI-Research/experiments-live/dmn-check-wpi/core/src/main/java/de/redsix/dmncheck/result/ValidationResult.java:[71,27] [purity.not.sideeffectfree.call] call to side-effecting ValidationResult not allowed in side-effect-free method	
[WARNING] /Users/daniel/Documents/WPI-Research/experiments-live/dmn-check-wpi/core/src/main/java/de/redsix/dmncheck/result/ValidationResult.java:[52,19] [purity.not.deterministic.object.creation] object creation not allowed in deterministic method	
[WARNING] /Users/daniel/Documents/WPI-Research/experiments-live/dmn-check-wpi/core/src/main/java/de/redsix/dmncheck/result/ValidationResult.java:[71,27] [purity.not.deterministic.object.creation] object creation not allowed in deterministic method	
[WARNING] /Users/daniel/Documents/WPI-Research/experiments-live/dmn-check-wpi/core/src/main/java/de/redsix/dmncheck/result/ValidationResult.java:[71,27] [purity.not.sideeffectfree.call] call to side-effecting ValidationResult not allowed in side-effect-free method	
[WARNING] /Users/daniel/Documents/WPI-Research/experiments-live/dmn-check-wpi/core/src/main/java/de/redsix/dmncheck/result/ValidationResult.java:[71,27] [purity.not.deterministic.object.creation] object creation not allowed in deterministic method	
[WARNING] /Users/daniel/Documents/WPI-Research/experiments-live/dmn-check-wpi/core/src/main/java/de/redsix/dmncheck/result/ValidationResult.java:[83,16] [purity.not.deterministic.not.sideeffectfree.assign.field] field assignment not allowed in deterministic side-effect-free method	
[WARNING] /Users/daniel/Documents/WPI-Research/experiments-live/dmn-check-wpi/core/src/main/java/de/redsix/dmncheck/result/ValidationResult.java:[52,19] [purity.not.deterministic.object.creation] object creation not allowed in deterministic method	
[WARNING] /Users/daniel/Documents/WPI-Research/experiments-live/dmn-check-wpi/core/src/main/java/de/redsix/dmncheck/result/ValidationResult.java:[52,19] [purity.not.sideeffectfree.call] call to side-effecting Builder.BuildStep not allowed in side-effect-free method	
[WARNING] /Users/daniel/Documents/WPI-Research/experiments-live/dmn-check-wpi/core/src/main/java/de/redsix/dmncheck/result/ValidationResult.java:[52,19] [purity.not.deterministic.object.creation] object creation not allowed in deterministic method	
[WARNING] /Users/daniel/Documents/WPI-Research/experiments-live/dmn-check-wpi/core/src/main/java/de/redsix/dmncheck/result/ValidationResult.java:[71,27] [purity.not.deterministic.object.creation] object creation not allowed in deterministic method	
[WARNING] /Users/daniel/Documents/WPI-Research/experiments-live/dmn-check-wpi/core/src/main/java/de/redsix/dmncheck/result/ValidationResult.java:[71,27] [purity.not.sideeffectfree.call] call to side-effecting ValidationResult not allowed in side-effect-free method	
[WARNING] /Users/daniel/Documents/WPI-Research/experiments-live/dmn-check-wpi/core/src/main/java/de/redsix/dmncheck/result/ValidationResult.java:[71,27] [purity.not.deterministic.object.creation] object creation not allowed in deterministic method	
[WARNING] /Users/daniel/Documents/WPI-Research/experiments-live/dmn-check-wpi/core/src/main/java/de/redsix/dmncheck/result/ValidationResult.java:[83,16] [purity.not.deterministic.not.sideeffectfree.assign.field] field assignment not allowed in deterministic side-effect-free method	
[WARNING] /Users/daniel/Documents/WPI-Research/experiments-live/dmn-check-wpi/core/src/main/java/de/redsix/dmncheck/result/ValidationResult.java:[52,19] [purity.not.sideeffectfree.call] call to side-effecting Builder.BuildStep not allowed in side-effect-free method	
[WARNING] /Users/daniel/Documents/WPI-Research/experiments-live/dmn-check-wpi/core/src/main/java/de/redsix/dmncheck/result/ValidationResult.java:[71,27] [purity.not.sideeffectfree.call] call to side-effecting ValidationResult not allowed in side-effect-free method	
[WARNING] /Users/daniel/Documents/WPI-Research/experiments-live/dmn-check-wpi/core/src/main/java/de/redsix/dmncheck/result/ValidationResult.java:[52,19] [purity.not.deterministic.object.creation] object creation not allowed in deterministic method	
[WARNING] /Users/daniel/Documents/WPI-Research/experiments-live/dmn-check-wpi/core/src/main/java/de/redsix/dmncheck/result/ValidationResult.java:[71,27] [purity.not.deterministic.object.creation] object creation not allowed in deterministic method	
[WARNING] /Users/daniel/Documents/WPI-Research/experiments-live/dmn-check-wpi/core/src/main/java/de/redsix/dmncheck/result/ValidationResult.java:[71,27] [purity.not.sideeffectfree.call] call to side-effecting ValidationResult not allowed in side-effect-free method	
[WARNING] /Users/daniel/Documents/WPI-Research/experiments-live/dmn-check-wpi/core/src/main/java/de/redsix/dmncheck/result/ValidationResult.java:[71,27] [purity.not.deterministic.object.creation] object creation not allowed in deterministic method	
[WARNING] /Users/daniel/Documents/WPI-Research/experiments-live/dmn-check-wpi/core/src/main/java/de/redsix/dmncheck/result/ValidationResult.java:[83,16] [purity.not.deterministic.not.sideeffectfree.assign.field] field assignment not allowed in deterministic side-effect-free method	
[WARNING] /Users/daniel/Documents/WPI-Research/experiments-live/dmn-check-wpi/core/src/main/java/de/redsix/dmncheck/validators/core/ValidationContext.java:[25,49] [return] incompatible types in return.	
type of expression: U[ extends @Initialized @Nullable Object super @Initialized @Nullable Void]	
method return type: U[ extends @Initialized @Nullable Object super @Initialized @NonNull Void]	
[WARNING] /Users/daniel/Documents/WPI-Research/experiments-live/dmn-check-wpi/core/src/main/java/de/redsix/dmncheck/validators/core/GenericValidator.java:[67,78] [purity.not.deterministic.not.sideeffectfree.call] call to non-deterministic side-effecting dmnModelInstance.getModelElementsByType not allowed in deterministic side-effect-free method	
[WARNING] /Users/daniel/Documents/WPI-Research/experiments-live/dmn-check-wpi/core/src/main/java/de/redsix/dmncheck/validators/core/GenericValidator.java:[72,24] [purity.not.deterministic.not.sideeffectfree.call] call to non-deterministic side-effecting elements.stream().filter((element)->isApplicable(element, validationContext)).flatMap(this::getElementsUnderValidation).flatMap((element)->validate(element, validationContext).stream()).collect not allowed in deterministic side-effect-free method	
[WARNING] /Users/daniel/Documents/WPI-Research/experiments-live/dmn-check-wpi/core/src/main/java/de/redsix/dmncheck/validators/core/GenericValidator.java:[71,24] [purity.not.deterministic.not.sideeffectfree.call] call to non-deterministic side-effecting elements.stream().filter((element)->isApplicable(element, validationContext)).flatMap(this::getElementsUnderValidation).flatMap not allowed in deterministic side-effect-free method	
[WARNING] /Users/daniel/Documents/WPI-Research/experiments-live/dmn-check-wpi/core/src/main/java/de/redsix/dmncheck/validators/core/GenericValidator.java:[70,24] [purity.not.deterministic.not.sideeffectfree.call] call to non-deterministic side-effecting elements.stream().filter((element)->isApplicable(element, validationContext)).flatMap not allowed in deterministic side-effect-free method	
[WARNING] /Users/daniel/Documents/WPI-Research/experiments-live/dmn-check-wpi/core/src/main/java/de/redsix/dmncheck/validators/core/GenericValidator.java:[69,23] [purity.not.deterministic.not.sideeffectfree.call] call to non-deterministic side-effecting elements.stream().filter not allowed in deterministic side-effect-free method	
[WARNING] /Users/daniel/Documents/WPI-Research/experiments-live/dmn-check-wpi/core/src/main/java/de/redsix/dmncheck/validators/core/GenericValidator.java:[68,30] [purity.not.deterministic.not.sideeffectfree.call] call to non-deterministic side-effecting elements.stream not allowed in deterministic side-effect-free method	
[WARNING] /Users/daniel/Documents/WPI-Research/experiments-live/dmn-check-wpi/core/src/main/java/de/redsix/dmncheck/validators/core/GenericValidator.java:[71,79] [purity.not.deterministic.not.sideeffectfree.call] call to non-deterministic side-effecting validate(element, validationContext).stream not allowed in deterministic side-effect-free method	
[WARNING] /Users/daniel/Documents/WPI-Research/experiments-live/dmn-check-wpi/core/src/main/java/de/redsix/dmncheck/validators/core/GenericValidator.java:[72,42] [purity.not.deterministic.not.sideeffectfree.call] call to non-deterministic side-effecting Collectors.toList not allowed in deterministic side-effect-free method	
[WARNING] /Users/daniel/Documents/WPI-Research/experiments-live/dmn-check-wpi/core/src/main/java/de/redsix/dmncheck/validators/core/GenericValidator.java:[65,52] [purity.not.sideeffectfree.call] call to side-effecting ValidationContext not allowed in side-effect-free method	
[WARNING] /Users/daniel/Documents/WPI-Research/experiments-live/dmn-check-wpi/core/src/main/java/de/redsix/dmncheck/validators/core/GenericValidator.java:[65,52] [purity.not.deterministic.object.creation] object creation not allowed in deterministic method	
[WARNING] /Users/daniel/Documents/WPI-Research/experiments-live/dmn-check-wpi/core/src/main/java/de/redsix/dmncheck/validators/core/GenericValidator.java:[65,52] [purity.not.deterministic.object.creation] object creation not allowed in deterministic method	
[WARNING] /Users/daniel/Documents/WPI-Research/experiments-live/dmn-check-wpi/core/src/main/java/de/redsix/dmncheck/validators/core/GenericValidator.java:[65,52] [purity.not.sideeffectfree.call] call to side-effecting ValidationContext not allowed in side-effect-free method	
[WARNING] /Users/daniel/Documents/WPI-Research/experiments-live/dmn-check-wpi/core/src/main/java/de/redsix/dmncheck/validators/core/GenericValidator.java:[65,52] [purity.not.deterministic.object.creation] object creation not allowed in deterministic method	
[WARNING] /Users/daniel/Documents/WPI-Research/experiments-live/dmn-check-wpi/core/src/main/java/de/redsix/dmncheck/validators/core/GenericValidator.java:[67,78] [purity.not.deterministic.not.sideeffectfree.call] call to non-deterministic side-effecting dmnModelInstance.getModelElementsByType not allowed in deterministic side-effect-free method	
[WARNING] /Users/daniel/Documents/WPI-Research/experiments-live/dmn-check-wpi/core/src/main/java/de/redsix/dmncheck/validators/core/GenericValidator.java:[68,30] [purity.not.deterministic.not.sideeffectfree.call] call to non-deterministic side-effecting elements.stream not allowed in deterministic side-effect-free method	
[WARNING] /Users/daniel/Documents/WPI-Research/experiments-live/dmn-check-wpi/core/src/main/java/de/redsix/dmncheck/validators/core/GenericValidator.java:[69,23] [purity.not.deterministic.not.sideeffectfree.call] call to non-deterministic side-effecting elements.stream().filter not allowed in deterministic side-effect-free method	
[WARNING] /Users/daniel/Documents/WPI-Research/experiments-live/dmn-check-wpi/core/src/main/java/de/redsix/dmncheck/validators/core/GenericValidator.java:[70,24] [purity.not.deterministic.not.sideeffectfree.call] call to non-deterministic side-effecting elements.stream().filter((element)->isApplicable(element, validationContext)).flatMap not allowed in deterministic side-effect-free method	
[WARNING] /Users/daniel/Documents/WPI-Research/experiments-live/dmn-check-wpi/core/src/main/java/de/redsix/dmncheck/validators/core/GenericValidator.java:[71,24] [purity.not.deterministic.not.sideeffectfree.call] call to non-deterministic side-effecting elements.stream().filter((element)->isApplicable(element, validationContext)).flatMap(this::getElementsUnderValidation).flatMap not allowed in deterministic side-effect-free method	
[WARNING] /Users/daniel/Documents/WPI-Research/experiments-live/dmn-check-wpi/core/src/main/java/de/redsix/dmncheck/validators/core/GenericValidator.java:[71,79] [purity.not.deterministic.not.sideeffectfree.call] call to non-deterministic side-effecting validate(element, validationContext).stream not allowed in deterministic side-effect-free method	
[WARNING] /Users/daniel/Documents/WPI-Research/experiments-live/dmn-check-wpi/core/src/main/java/de/redsix/dmncheck/validators/core/GenericValidator.java:[72,24] [purity.not.deterministic.not.sideeffectfree.call] call to non-deterministic side-effecting elements.stream().filter((element)->isApplicable(element, validationContext)).flatMap(this::getElementsUnderValidation).flatMap((element)->validate(element, validationContext).stream()).collect not allowed in deterministic side-effect-free method	
[WARNING] /Users/daniel/Documents/WPI-Research/experiments-live/dmn-check-wpi/core/src/main/java/de/redsix/dmncheck/validators/core/GenericValidator.java:[72,42] [purity.not.deterministic.not.sideeffectfree.call] call to non-deterministic side-effecting Collectors.toList not allowed in deterministic side-effect-free method	
[WARNING] /Users/daniel/Documents/WPI-Research/experiments-live/dmn-check-wpi/core/src/main/java/de/redsix/dmncheck/validators/core/GenericValidator.java:[67,78] [purity.not.deterministic.not.sideeffectfree.call] call to non-deterministic side-effecting dmnModelInstance.getModelElementsByType not allowed in deterministic side-effect-free method	
[WARNING] /Users/daniel/Documents/WPI-Research/experiments-live/dmn-check-wpi/core/src/main/java/de/redsix/dmncheck/validators/core/GenericValidator.java:[72,24] [purity.not.deterministic.not.sideeffectfree.call] call to non-deterministic side-effecting elements.stream().filter((element)->isApplicable(element, validationContext)).flatMap(this::getElementsUnderValidation).flatMap((element)->validate(element, validationContext).stream()).collect not allowed in deterministic side-effect-free method	
[WARNING] /Users/daniel/Documents/WPI-Research/experiments-live/dmn-check-wpi/core/src/main/java/de/redsix/dmncheck/validators/core/GenericValidator.java:[71,24] [purity.not.deterministic.not.sideeffectfree.call] call to non-deterministic side-effecting elements.stream().filter((element)->isApplicable(element, validationContext)).flatMap(this::getElementsUnderValidation).flatMap not allowed in deterministic side-effect-free method	
[WARNING] /Users/daniel/Documents/WPI-Research/experiments-live/dmn-check-wpi/core/src/main/java/de/redsix/dmncheck/validators/core/GenericValidator.java:[70,24] [purity.not.deterministic.not.sideeffectfree.call] call to non-deterministic side-effecting elements.stream().filter((element)->isApplicable(element, validationContext)).flatMap not allowed in deterministic side-effect-free method	
[WARNING] /Users/daniel/Documents/WPI-Research/experiments-live/dmn-check-wpi/core/src/main/java/de/redsix/dmncheck/validators/core/GenericValidator.java:[69,23] [purity.not.deterministic.not.sideeffectfree.call] call to non-deterministic side-effecting elements.stream().filter not allowed in deterministic side-effect-free method	
[WARNING] /Users/daniel/Documents/WPI-Research/experiments-live/dmn-check-wpi/core/src/main/java/de/redsix/dmncheck/validators/core/GenericValidator.java:[68,30] [purity.not.deterministic.not.sideeffectfree.call] call to non-deterministic side-effecting elements.stream not allowed in deterministic side-effect-free method	
[WARNING] /Users/daniel/Documents/WPI-Research/experiments-live/dmn-check-wpi/core/src/main/java/de/redsix/dmncheck/validators/core/GenericValidator.java:[71,79] [purity.not.deterministic.not.sideeffectfree.call] call to non-deterministic side-effecting validate(element, validationContext).stream not allowed in deterministic side-effect-free method	
[WARNING] /Users/daniel/Documents/WPI-Research/experiments-live/dmn-check-wpi/core/src/main/java/de/redsix/dmncheck/validators/core/GenericValidator.java:[72,42] [purity.not.deterministic.not.sideeffectfree.call] call to non-deterministic side-effecting Collectors.toList not allowed in deterministic side-effect-free method	
[WARNING] /Users/daniel/Documents/WPI-Research/experiments-live/dmn-check-wpi/core/src/main/java/de/redsix/dmncheck/validators/core/GenericValidator.java:[65,52] [purity.not.sideeffectfree.call] call to side-effecting ValidationContext not allowed in side-effect-free method	
[WARNING] /Users/daniel/Documents/WPI-Research/experiments-live/dmn-check-wpi/core/src/main/java/de/redsix/dmncheck/validators/core/GenericValidator.java:[65,52] [purity.not.deterministic.object.creation] object creation not allowed in deterministic method	
[WARNING] /Users/daniel/Documents/WPI-Research/experiments-live/dmn-check-wpi/core/src/main/java/de/redsix/dmncheck/validators/core/RequirementGraphValidator.java:[27,75] [purity.not.deterministic.not.sideeffectfree.call] call to non-deterministic side-effecting RequirementGraph.from not allowed in deterministic side-effect-free method	
[WARNING] /Users/daniel/Documents/WPI-Research/experiments-live/dmn-check-wpi/core/src/main/java/de/redsix/dmncheck/validators/core/RequirementGraphValidator.java:[30,44] [purity.not.deterministic.not.sideeffectfree.call] call to non-deterministic side-effecting Collections.singletonList not allowed in deterministic side-effect-free method	
[WARNING] /Users/daniel/Documents/WPI-Research/experiments-live/dmn-check-wpi/core/src/main/java/de/redsix/dmncheck/validators/core/RequirementGraphValidator.java:[32,93] [purity.not.deterministic.not.sideeffectfree.call] call to non-deterministic side-effecting dmnModelInstance.getDefinitions not allowed in deterministic side-effect-free method	
[WARNING] /Users/daniel/Documents/WPI-Research/experiments-live/dmn-check-wpi/core/src/main/java/de/redsix/dmncheck/validators/core/RequirementGraphValidator.java:[29,10] [purity.not.deterministic.catch] catch block not allowed in deterministic method	
[WARNING] /Users/daniel/Documents/WPI-Research/experiments-live/dmn-check-wpi/core/src/main/java/de/redsix/dmncheck/validators/core/RequirementGraphValidator.java:[27,75] [purity.not.deterministic.not.sideeffectfree.call] call to non-deterministic side-effecting RequirementGraph.from not allowed in deterministic side-effect-free method	
[WARNING] /Users/daniel/Documents/WPI-Research/experiments-live/dmn-check-wpi/core/src/main/java/de/redsix/dmncheck/validators/core/RequirementGraphValidator.java:[29,10] [purity.not.deterministic.catch] catch block not allowed in deterministic method	
[WARNING] /Users/daniel/Documents/WPI-Research/experiments-live/dmn-check-wpi/core/src/main/java/de/redsix/dmncheck/validators/core/RequirementGraphValidator.java:[30,44] [purity.not.deterministic.not.sideeffectfree.call] call to non-deterministic side-effecting Collections.singletonList not allowed in deterministic side-effect-free method	
[WARNING] /Users/daniel/Documents/WPI-Research/experiments-live/dmn-check-wpi/core/src/main/java/de/redsix/dmncheck/validators/core/RequirementGraphValidator.java:[32,93] [purity.not.deterministic.not.sideeffectfree.call] call to non-deterministic side-effecting dmnModelInstance.getDefinitions not allowed in deterministic side-effect-free method	
[WARNING] /Users/daniel/Documents/WPI-Research/experiments-live/dmn-check-wpi/core/src/main/java/de/redsix/dmncheck/validators/core/RequirementGraphValidator.java:[27,75] [purity.not.deterministic.not.sideeffectfree.call] call to non-deterministic side-effecting RequirementGraph.from not allowed in deterministic side-effect-free method	
[WARNING] /Users/daniel/Documents/WPI-Research/experiments-live/dmn-check-wpi/core/src/main/java/de/redsix/dmncheck/validators/core/RequirementGraphValidator.java:[30,44] [purity.not.deterministic.not.sideeffectfree.call] call to non-deterministic side-effecting Collections.singletonList not allowed in deterministic side-effect-free method	
[WARNING] /Users/daniel/Documents/WPI-Research/experiments-live/dmn-check-wpi/core/src/main/java/de/redsix/dmncheck/validators/core/RequirementGraphValidator.java:[32,93] [purity.not.deterministic.not.sideeffectfree.call] call to non-deterministic side-effecting dmnModelInstance.getDefinitions not allowed in deterministic side-effect-free method	
[WARNING] /Users/daniel/Documents/WPI-Research/experiments-live/dmn-check-wpi/core/src/main/java/de/redsix/dmncheck/validators/core/RequirementGraphValidator.java:[29,10] [purity.not.deterministic.catch] catch block not allowed in deterministic method	
[WARNING] /Users/daniel/Documents/WPI-Research/experiments-live/dmn-check-wpi/validators/src/main/java/de/redsix/dmncheck/feel/ExpressionType.java:[35,42] [override.param] Incompatible parameter type for obj.	
found   : @Initialized @NonNull Object	
required: @Initialized @Nullable Object	
Consequence: method in @Initialized @NonNull ExpressionType	
@Initialized @NonNull boolean equals(@Initialized @NonNull ExpressionType this, @Initialized @NonNull Object p0)	
cannot override method in @Initialized @NonNull Object	
@Initialized @NonNull boolean equals(@Initialized @NonNull Object this, @Initialized @Nullable Object p0)	
[WARNING] /Users/daniel/Documents/WPI-Research/experiments-live/dmn-check-wpi/validators/src/main/java/de/redsix/dmncheck/validators/NoDecisionPresentValidator.java:[22,46] [purity.not.deterministic.not.sideeffectfree.call] call to non-deterministic side-effecting definitions.getChildElementsByType not allowed in deterministic side-effect-free method	
[WARNING] /Users/daniel/Documents/WPI-Research/experiments-live/dmn-check-wpi/validators/src/main/java/de/redsix/dmncheck/validators/NoDecisionPresentValidator.java:[23,44] [purity.not.deterministic.not.sideeffectfree.call] call to non-deterministic side-effecting Collections.singletonList not allowed in deterministic side-effect-free method	
[WARNING] /Users/daniel/Documents/WPI-Research/experiments-live/dmn-check-wpi/validators/src/main/java/de/redsix/dmncheck/validators/NoDecisionPresentValidator.java:[29,40] [purity.not.deterministic.call] call to non-deterministic method Collections.emptyList not allowed in deterministic method	
[WARNING] /Users/daniel/Documents/WPI-Research/experiments-live/dmn-check-wpi/validators/src/main/java/de/redsix/dmncheck/validators/NoDecisionPresentValidator.java:[22,46] [purity.not.deterministic.not.sideeffectfree.call] call to non-deterministic side-effecting definitions.getChildElementsByType not allowed in deterministic side-effect-free method	
[WARNING] /Users/daniel/Documents/WPI-Research/experiments-live/dmn-check-wpi/validators/src/main/java/de/redsix/dmncheck/validators/NoDecisionPresentValidator.java:[23,44] [purity.not.deterministic.not.sideeffectfree.call] call to non-deterministic side-effecting Collections.singletonList not allowed in deterministic side-effect-free method	
[WARNING] /Users/daniel/Documents/WPI-Research/experiments-live/dmn-check-wpi/validators/src/main/java/de/redsix/dmncheck/validators/NoDecisionPresentValidator.java:[29,40] [purity.not.deterministic.call] call to non-deterministic method Collections.emptyList not allowed in deterministic method	
[WARNING] /Users/daniel/Documents/WPI-Research/experiments-live/dmn-check-wpi/validators/src/main/java/de/redsix/dmncheck/validators/NoDecisionPresentValidator.java:[22,46] [purity.not.deterministic.not.sideeffectfree.call] call to non-deterministic side-effecting definitions.getChildElementsByType not allowed in deterministic side-effect-free method	
[WARNING] /Users/daniel/Documents/WPI-Research/experiments-live/dmn-check-wpi/validators/src/main/java/de/redsix/dmncheck/validators/NoDecisionPresentValidator.java:[23,44] [purity.not.deterministic.not.sideeffectfree.call] call to non-deterministic side-effecting Collections.singletonList not allowed in deterministic side-effect-free method	
[WARNING] /Users/daniel/Documents/WPI-Research/experiments-live/dmn-check-wpi/validators/src/main/java/de/redsix/dmncheck/validators/NoDecisionPresentValidator.java:[29,40] [purity.not.deterministic.call] call to non-deterministic method Collections.emptyList not allowed in deterministic method	
[WARNING] /Users/daniel/Documents/WPI-Research/experiments-live/dmn-check-wpi/validators/src/main/java/de/redsix/dmncheck/validators/InputEntryTypeValidator.java:[19,58] [purity.not.deterministic.not.sideeffectfree.call] call to non-deterministic side-effecting decisionTable.getInputs().stream().allMatch not allowed in deterministic side-effect-free method	
[WARNING] /Users/daniel/Documents/WPI-Research/experiments-live/dmn-check-wpi/validators/src/main/java/de/redsix/dmncheck/validators/InputEntryTypeValidator.java:[19,47] [purity.not.deterministic.not.sideeffectfree.call] call to non-deterministic side-effecting decisionTable.getInputs().stream not allowed in deterministic side-effect-free method	
[WARNING] /Users/daniel/Documents/WPI-Research/experiments-live/dmn-check-wpi/validators/src/main/java/de/redsix/dmncheck/validators/InputEntryTypeValidator.java:[19,38] [purity.not.deterministic.not.sideeffectfree.call] call to non-deterministic side-effecting decisionTable.getInputs not allowed in deterministic side-effect-free method	
[WARNING] /Users/daniel/Documents/WPI-Research/experiments-live/dmn-check-wpi/validators/src/main/java/de/redsix/dmncheck/validators/InputEntryTypeValidator.java:[20,79] [purity.not.deterministic.not.sideeffectfree.call] call to non-deterministic side-effecting input.getInputExpression().getTypeRef not allowed in deterministic side-effect-free method	
[WARNING] /Users/daniel/Documents/WPI-Research/experiments-live/dmn-check-wpi/validators/src/main/java/de/redsix/dmncheck/validators/InputEntryTypeValidator.java:[20,66] [purity.not.deterministic.not.sideeffectfree.call] call to non-deterministic side-effecting input.getInputExpression not allowed in deterministic side-effect-free method	
[WARNING] /Users/daniel/Documents/WPI-Research/experiments-live/dmn-check-wpi/validators/src/main/java/de/redsix/dmncheck/validators/InputEntryTypeValidator.java:[21,107] [purity.not.deterministic.not.sideeffectfree.call] call to non-deterministic side-effecting ExpressionTypeParser.parse(expressionType, validationContext.getItemDefinitions()).match not allowed in deterministic side-effect-free method	
[WARNING] /Users/daniel/Documents/WPI-Research/experiments-live/dmn-check-wpi/validators/src/main/java/de/redsix/dmncheck/validators/InputEntryTypeValidator.java:[21,45] [purity.not.deterministic.not.sideeffectfree.call] call to non-deterministic side-effecting ExpressionTypeParser.parse not allowed in deterministic side-effect-free method	
[WARNING] /Users/daniel/Documents/WPI-Research/experiments-live/dmn-check-wpi/validators/src/main/java/de/redsix/dmncheck/validators/InputEntryTypeValidator.java:[21,98] [purity.not.deterministic.not.sideeffectfree.call] call to non-deterministic side-effecting validationContext.getItemDefinitions not allowed in deterministic side-effect-free method	
[WARNING] /Users/daniel/Documents/WPI-Research/experiments-live/dmn-check-wpi/validators/src/main/java/de/redsix/dmncheck/validators/InputEntryTypeValidator.java:[30,24] [purity.not.deterministic.not.sideeffectfree.call] call to non-deterministic side-effecting decisionTable.getInputs().stream().map((input)->input.getInputExpression().getTypeRef()).map((typeRef)->ExpressionTypeParser.parse(typeRef, validationContext.getItemDefinitions())).collect not allowed in deterministic side-effect-free method	
[WARNING] /Users/daniel/Documents/WPI-Research/experiments-live/dmn-check-wpi/validators/src/main/java/de/redsix/dmncheck/validators/InputEntryTypeValidator.java:[29,20] [purity.not.deterministic.not.sideeffectfree.call] call to non-deterministic side-effecting decisionTable.getInputs().stream().map((input)->input.getInputExpression().getTypeRef()).map not allowed in deterministic side-effect-free method	
[WARNING] /Users/daniel/Documents/WPI-Research/experiments-live/dmn-check-wpi/validators/src/main/java/de/redsix/dmncheck/validators/InputEntryTypeValidator.java:[28,20] [purity.not.deterministic.not.sideeffectfree.call] call to non-deterministic side-effecting decisionTable.getInputs().stream().map not allowed in deterministic side-effect-free method	
[WARNING] /Users/daniel/Documents/WPI-Research/experiments-live/dmn-check-wpi/validators/src/main/java/de/redsix/dmncheck/validators/InputEntryTypeValidator.java:[27,132] [purity.not.deterministic.not.sideeffectfree.call] call to non-deterministic side-effecting decisionTable.getInputs().stream not allowed in deterministic side-effect-free method	
[WARNING] /Users/daniel/Documents/WPI-Research/experiments-live/dmn-check-wpi/validators/src/main/java/de/redsix/dmncheck/validators/InputEntryTypeValidator.java:[27,123] [purity.not.deterministic.not.sideeffectfree.call] call to non-deterministic side-effecting decisionTable.getInputs not allowed in deterministic side-effect-free method	
[WARNING] /Users/daniel/Documents/WPI-Research/experiments-live/dmn-check-wpi/validators/src/main/java/de/redsix/dmncheck/validators/InputEntryTypeValidator.java:[28,67] [purity.not.deterministic.not.sideeffectfree.call] call to non-deterministic side-effecting input.getInputExpression().getTypeRef not allowed in deterministic side-effect-free method	
[WARNING] /Users/daniel/Documents/WPI-Research/experiments-live/dmn-check-wpi/validators/src/main/java/de/redsix/dmncheck/validators/InputEntryTypeValidator.java:[28,54] [purity.not.deterministic.not.sideeffectfree.call] call to non-deterministic side-effecting input.getInputExpression not allowed in deterministic side-effect-free method	
[WARNING] /Users/daniel/Documents/WPI-Research/experiments-live/dmn-check-wpi/validators/src/main/java/de/redsix/dmncheck/validators/InputEntryTypeValidator.java:[29,58] [purity.not.deterministic.not.sideeffectfree.call] call to non-deterministic side-effecting ExpressionTypeParser.parse not allowed in deterministic side-effect-free method	
[WARNING] /Users/daniel/Documents/WPI-Research/experiments-live/dmn-check-wpi/validators/src/main/java/de/redsix/dmncheck/validators/InputEntryTypeValidator.java:[29,104] [purity.not.deterministic.not.sideeffectfree.call] call to non-deterministic side-effecting validationContext.getItemDefinitions not allowed in deterministic side-effect-free method	
[WARNING] /Users/daniel/Documents/WPI-Research/experiments-live/dmn-check-wpi/validators/src/main/java/de/redsix/dmncheck/validators/InputEntryTypeValidator.java:[30,38] [purity.not.deterministic.not.sideeffectfree.call] call to non-deterministic side-effecting Either.reduce not allowed in deterministic side-effect-free method	
[WARNING] /Users/daniel/Documents/WPI-Research/experiments-live/dmn-check-wpi/validators/src/main/java/de/redsix/dmncheck/validators/InputEntryTypeValidator.java:[41,18] [purity.not.deterministic.not.sideeffectfree.call] call to non-deterministic side-effecting decisionTable.getRules().stream().flatMap((rule)->{	
final Stream<String> inputVariables = decisionTable.getInputs().stream().map(Input::getCamundaInputVariable);	
return eitherInputTypes.match((validationResult)->Stream.of(validationResult.element(rule).build()), (inputTypes)->typecheck(rule, rule.getInputEntries().stream().map(toplevelExpressionLanguage::toExpression), inputVariables, inputTypes.stream()));	
}).collect not allowed in deterministic side-effect-free method	
[WARNING] /Users/daniel/Documents/WPI-Research/experiments-live/dmn-check-wpi/validators/src/main/java/de/redsix/dmncheck/validators/InputEntryTypeValidator.java:[32,56] [purity.not.deterministic.not.sideeffectfree.call] call to non-deterministic side-effecting decisionTable.getRules().stream().flatMap not allowed in deterministic side-effect-free method	
[WARNING] /Users/daniel/Documents/WPI-Research/experiments-live/dmn-check-wpi/validators/src/main/java/de/redsix/dmncheck/validators/InputEntryTypeValidator.java:[32,46] [purity.not.deterministic.not.sideeffectfree.call] call to non-deterministic side-effecting decisionTable.getRules().stream not allowed in deterministic side-effect-free method	
[WARNING] /Users/daniel/Documents/WPI-Research/experiments-live/dmn-check-wpi/validators/src/main/java/de/redsix/dmncheck/validators/InputEntryTypeValidator.java:[32,37] [purity.not.deterministic.not.sideeffectfree.call] call to non-deterministic side-effecting decisionTable.getRules not allowed in deterministic side-effect-free method	
[WARNING] /Users/daniel/Documents/WPI-Research/experiments-live/dmn-check-wpi/validators/src/main/java/de/redsix/dmncheck/validators/InputEntryTypeValidator.java:[33,88] [purity.not.deterministic.not.sideeffectfree.call] call to non-deterministic side-effecting decisionTable.getInputs().stream().map not allowed in deterministic side-effect-free method	
[WARNING] /Users/daniel/Documents/WPI-Research/experiments-live/dmn-check-wpi/validators/src/main/java/de/redsix/dmncheck/validators/InputEntryTypeValidator.java:[33,82] [purity.not.deterministic.not.sideeffectfree.call] call to non-deterministic side-effecting decisionTable.getInputs().stream not allowed in deterministic side-effect-free method	
[WARNING] /Users/daniel/Documents/WPI-Research/experiments-live/dmn-check-wpi/validators/src/main/java/de/redsix/dmncheck/validators/InputEntryTypeValidator.java:[33,73] [purity.not.deterministic.not.sideeffectfree.call] call to non-deterministic side-effecting decisionTable.getInputs not allowed in deterministic side-effect-free method	
[WARNING] /Users/daniel/Documents/WPI-Research/experiments-live/dmn-check-wpi/validators/src/main/java/de/redsix/dmncheck/validators/InputEntryTypeValidator.java:[35,41] [purity.not.deterministic.not.sideeffectfree.call] call to non-deterministic side-effecting eitherInputTypes.match not allowed in deterministic side-effect-free method	
[WARNING] /Users/daniel/Documents/WPI-Research/experiments-live/dmn-check-wpi/validators/src/main/java/de/redsix/dmncheck/validators/InputEntryTypeValidator.java:[36,49] [purity.not.deterministic.not.sideeffectfree.call] call to non-deterministic side-effecting Stream.of not allowed in deterministic side-effect-free method	
[WARNING] /Users/daniel/Documents/WPI-Research/experiments-live/dmn-check-wpi/validators/src/main/java/de/redsix/dmncheck/validators/InputEntryTypeValidator.java:[37,43] [purity.not.deterministic.not.sideeffectfree.call] call to non-deterministic side-effecting typecheck not allowed in deterministic side-effect-free method	
[WARNING] /Users/daniel/Documents/WPI-Research/experiments-live/dmn-check-wpi/validators/src/main/java/de/redsix/dmncheck/validators/InputEntryTypeValidator.java:[38,63] [purity.not.deterministic.not.sideeffectfree.call] call to non-deterministic side-effecting rule.getInputEntries().stream().map not allowed in deterministic side-effect-free method	
[WARNING] /Users/daniel/Documents/WPI-Research/experiments-live/dmn-check-wpi/validators/src/main/java/de/redsix/dmncheck/validators/InputEntryTypeValidator.java:[38,57] [purity.not.deterministic.not.sideeffectfree.call] call to non-deterministic side-effecting rule.getInputEntries().stream not allowed in deterministic side-effect-free method	
[WARNING] /Users/daniel/Documents/WPI-Research/experiments-live/dmn-check-wpi/validators/src/main/java/de/redsix/dmncheck/validators/InputEntryTypeValidator.java:[38,48] [purity.not.deterministic.not.sideeffectfree.call] call to non-deterministic side-effecting rule.getInputEntries not allowed in deterministic side-effect-free method	
[WARNING] /Users/daniel/Documents/WPI-Research/experiments-live/dmn-check-wpi/validators/src/main/java/de/redsix/dmncheck/validators/InputEntryTypeValidator.java:[40,45] [purity.not.deterministic.not.sideeffectfree.call] call to non-deterministic side-effecting inputTypes.stream not allowed in deterministic side-effect-free method	
[WARNING] /Users/daniel/Documents/WPI-Research/experiments-live/dmn-check-wpi/validators/src/main/java/de/redsix/dmncheck/validators/InputEntryTypeValidator.java:[41,36] [purity.not.deterministic.not.sideeffectfree.call] call to non-deterministic side-effecting Collectors.toList not allowed in deterministic side-effect-free method	
[WARNING] /Users/daniel/Documents/WPI-Research/experiments-live/dmn-check-wpi/validators/src/main/java/de/redsix/dmncheck/validators/InputEntryTypeValidator.java:[19,38] [purity.not.deterministic.not.sideeffectfree.call] call to non-deterministic side-effecting decisionTable.getInputs not allowed in deterministic side-effect-free method	
[WARNING] /Users/daniel/Documents/WPI-Research/experiments-live/dmn-check-wpi/validators/src/main/java/de/redsix/dmncheck/validators/InputEntryTypeValidator.java:[19,47] [purity.not.deterministic.not.sideeffectfree.call] call to non-deterministic side-effecting decisionTable.getInputs().stream not allowed in deterministic side-effect-free method	
[WARNING] /Users/daniel/Documents/WPI-Research/experiments-live/dmn-check-wpi/validators/src/main/java/de/redsix/dmncheck/validators/InputEntryTypeValidator.java:[19,58] [purity.not.deterministic.not.sideeffectfree.call] call to non-deterministic side-effecting decisionTable.getInputs().stream().allMatch not allowed in deterministic side-effect-free method	
[WARNING] /Users/daniel/Documents/WPI-Research/experiments-live/dmn-check-wpi/validators/src/main/java/de/redsix/dmncheck/validators/InputEntryTypeValidator.java:[20,66] [purity.not.deterministic.not.sideeffectfree.call] call to non-deterministic side-effecting input.getInputExpression not allowed in deterministic side-effect-free method	
[WARNING] /Users/daniel/Documents/WPI-Research/experiments-live/dmn-check-wpi/validators/src/main/java/de/redsix/dmncheck/validators/InputEntryTypeValidator.java:[20,79] [purity.not.deterministic.not.sideeffectfree.call] call to non-deterministic side-effecting input.getInputExpression().getTypeRef not allowed in deterministic side-effect-free method	
[WARNING] /Users/daniel/Documents/WPI-Research/experiments-live/dmn-check-wpi/validators/src/main/java/de/redsix/dmncheck/validators/InputEntryTypeValidator.java:[21,45] [purity.not.deterministic.not.sideeffectfree.call] call to non-deterministic side-effecting ExpressionTypeParser.parse not allowed in deterministic side-effect-free method	
[WARNING] /Users/daniel/Documents/WPI-Research/experiments-live/dmn-check-wpi/validators/src/main/java/de/redsix/dmncheck/validators/InputEntryTypeValidator.java:[21,98] [purity.not.deterministic.not.sideeffectfree.call] call to non-deterministic side-effecting validationContext.getItemDefinitions not allowed in deterministic side-effect-free method	
[WARNING] /Users/daniel/Documents/WPI-Research/experiments-live/dmn-check-wpi/validators/src/main/java/de/redsix/dmncheck/validators/InputEntryTypeValidator.java:[21,107] [purity.not.deterministic.not.sideeffectfree.call] call to non-deterministic side-effecting ExpressionTypeParser.parse(expressionType, validationContext.getItemDefinitions()).match not allowed in deterministic side-effect-free method	
[WARNING] /Users/daniel/Documents/WPI-Research/experiments-live/dmn-check-wpi/validators/src/main/java/de/redsix/dmncheck/validators/InputEntryTypeValidator.java:[27,123] [purity.not.deterministic.not.sideeffectfree.call] call to non-deterministic side-effecting decisionTable.getInputs not allowed in deterministic side-effect-free method	
[WARNING] /Users/daniel/Documents/WPI-Research/experiments-live/dmn-check-wpi/validators/src/main/java/de/redsix/dmncheck/validators/InputEntryTypeValidator.java:[27,132] [purity.not.deterministic.not.sideeffectfree.call] call to non-deterministic side-effecting decisionTable.getInputs().stream not allowed in deterministic side-effect-free method	
[WARNING] /Users/daniel/Documents/WPI-Research/experiments-live/dmn-check-wpi/validators/src/main/java/de/redsix/dmncheck/validators/InputEntryTypeValidator.java:[28,20] [purity.not.deterministic.not.sideeffectfree.call] call to non-deterministic side-effecting decisionTable.getInputs().stream().map not allowed in deterministic side-effect-free method	
[WARNING] /Users/daniel/Documents/WPI-Research/experiments-live/dmn-check-wpi/validators/src/main/java/de/redsix/dmncheck/validators/InputEntryTypeValidator.java:[28,54] [purity.not.deterministic.not.sideeffectfree.call] call to non-deterministic side-effecting input.getInputExpression not allowed in deterministic side-effect-free method	
[WARNING] /Users/daniel/Documents/WPI-Research/experiments-live/dmn-check-wpi/validators/src/main/java/de/redsix/dmncheck/validators/InputEntryTypeValidator.java:[28,67] [purity.not.deterministic.not.sideeffectfree.call] call to non-deterministic side-effecting input.getInputExpression().getTypeRef not allowed in deterministic side-effect-free method	
[WARNING] /Users/daniel/Documents/WPI-Research/experiments-live/dmn-check-wpi/validators/src/main/java/de/redsix/dmncheck/validators/InputEntryTypeValidator.java:[29,20] [purity.not.deterministic.not.sideeffectfree.call] call to non-deterministic side-effecting decisionTable.getInputs().stream().map((input)->input.getInputExpression().getTypeRef()).map not allowed in deterministic side-effect-free method	
[WARNING] /Users/daniel/Documents/WPI-Research/experiments-live/dmn-check-wpi/validators/src/main/java/de/redsix/dmncheck/validators/InputEntryTypeValidator.java:[29,58] [purity.not.deterministic.not.sideeffectfree.call] call to non-deterministic side-effecting ExpressionTypeParser.parse not allowed in deterministic side-effect-free method	
[WARNING] /Users/daniel/Documents/WPI-Research/experiments-live/dmn-check-wpi/validators/src/main/java/de/redsix/dmncheck/validators/InputEntryTypeValidator.java:[29,104] [purity.not.deterministic.not.sideeffectfree.call] call to non-deterministic side-effecting validationContext.getItemDefinitions not allowed in deterministic side-effect-free method	
[WARNING] /Users/daniel/Documents/WPI-Research/experiments-live/dmn-check-wpi/validators/src/main/java/de/redsix/dmncheck/validators/InputEntryTypeValidator.java:[30,24] [purity.not.deterministic.not.sideeffectfree.call] call to non-deterministic side-effecting decisionTable.getInputs().stream().map((input)->input.getInputExpression().getTypeRef()).map((typeRef)->ExpressionTypeParser.parse(typeRef, validationContext.getItemDefinitions())).collect not allowed in deterministic side-effect-free method	
[WARNING] /Users/daniel/Documents/WPI-Research/experiments-live/dmn-check-wpi/validators/src/main/java/de/redsix/dmncheck/validators/InputEntryTypeValidator.java:[30,38] [purity.not.deterministic.not.sideeffectfree.call] call to non-deterministic side-effecting Either.reduce not allowed in deterministic side-effect-free method	
[WARNING] /Users/daniel/Documents/WPI-Research/experiments-live/dmn-check-wpi/validators/src/main/java/de/redsix/dmncheck/validators/InputEntryTypeValidator.java:[32,37] [purity.not.deterministic.not.sideeffectfree.call] call to non-deterministic side-effecting decisionTable.getRules not allowed in deterministic side-effect-free method	
[WARNING] /Users/daniel/Documents/WPI-Research/experiments-live/dmn-check-wpi/validators/src/main/java/de/redsix/dmncheck/validators/InputEntryTypeValidator.java:[32,46] [purity.not.deterministic.not.sideeffectfree.call] call to non-deterministic side-effecting decisionTable.getRules().stream not allowed in deterministic side-effect-free method	
[WARNING] /Users/daniel/Documents/WPI-Research/experiments-live/dmn-check-wpi/validators/src/main/java/de/redsix/dmncheck/validators/InputEntryTypeValidator.java:[32,56] [purity.not.deterministic.not.sideeffectfree.call] call to non-deterministic side-effecting decisionTable.getRules().stream().flatMap not allowed in deterministic side-effect-free method	
[WARNING] /Users/daniel/Documents/WPI-Research/experiments-live/dmn-check-wpi/validators/src/main/java/de/redsix/dmncheck/validators/InputEntryTypeValidator.java:[33,73] [purity.not.deterministic.not.sideeffectfree.call] call to non-deterministic side-effecting decisionTable.getInputs not allowed in deterministic side-effect-free method	
[WARNING] /Users/daniel/Documents/WPI-Research/experiments-live/dmn-check-wpi/validators/src/main/java/de/redsix/dmncheck/validators/InputEntryTypeValidator.java:[33,82] [purity.not.deterministic.not.sideeffectfree.call] call to non-deterministic side-effecting decisionTable.getInputs().stream not allowed in deterministic side-effect-free method	
[WARNING] /Users/daniel/Documents/WPI-Research/experiments-live/dmn-check-wpi/validators/src/main/java/de/redsix/dmncheck/validators/InputEntryTypeValidator.java:[33,88] [purity.not.deterministic.not.sideeffectfree.call] call to non-deterministic side-effecting decisionTable.getInputs().stream().map not allowed in deterministic side-effect-free method	
[WARNING] /Users/daniel/Documents/WPI-Research/experiments-live/dmn-check-wpi/validators/src/main/java/de/redsix/dmncheck/validators/InputEntryTypeValidator.java:[35,41] [purity.not.deterministic.not.sideeffectfree.call] call to non-deterministic side-effecting eitherInputTypes.match not allowed in deterministic side-effect-free method	
[WARNING] /Users/daniel/Documents/WPI-Research/experiments-live/dmn-check-wpi/validators/src/main/java/de/redsix/dmncheck/validators/InputEntryTypeValidator.java:[36,49] [purity.not.deterministic.not.sideeffectfree.call] call to non-deterministic side-effecting Stream.of not allowed in deterministic side-effect-free method	
[WARNING] /Users/daniel/Documents/WPI-Research/experiments-live/dmn-check-wpi/validators/src/main/java/de/redsix/dmncheck/validators/InputEntryTypeValidator.java:[37,43] [purity.not.deterministic.not.sideeffectfree.call] call to non-deterministic side-effecting typecheck not allowed in deterministic side-effect-free method	
[WARNING] /Users/daniel/Documents/WPI-Research/experiments-live/dmn-check-wpi/validators/src/main/java/de/redsix/dmncheck/validators/InputEntryTypeValidator.java:[38,48] [purity.not.deterministic.not.sideeffectfree.call] call to non-deterministic side-effecting rule.getInputEntries not allowed in deterministic side-effect-free method	
[WARNING] /Users/daniel/Documents/WPI-Research/experiments-live/dmn-check-wpi/validators/src/main/java/de/redsix/dmncheck/validators/InputEntryTypeValidator.java:[38,57] [purity.not.deterministic.not.sideeffectfree.call] call to non-deterministic side-effecting rule.getInputEntries().stream not allowed in deterministic side-effect-free method	
[WARNING] /Users/daniel/Documents/WPI-Research/experiments-live/dmn-check-wpi/validators/src/main/java/de/redsix/dmncheck/validators/InputEntryTypeValidator.java:[38,63] [purity.not.deterministic.not.sideeffectfree.call] call to non-deterministic side-effecting rule.getInputEntries().stream().map not allowed in deterministic side-effect-free method	
[WARNING] /Users/daniel/Documents/WPI-Research/experiments-live/dmn-check-wpi/validators/src/main/java/de/redsix/dmncheck/validators/InputEntryTypeValidator.java:[40,45] [purity.not.deterministic.not.sideeffectfree.call] call to non-deterministic side-effecting inputTypes.stream not allowed in deterministic side-effect-free method	
[WARNING] /Users/daniel/Documents/WPI-Research/experiments-live/dmn-check-wpi/validators/src/main/java/de/redsix/dmncheck/validators/InputEntryTypeValidator.java:[41,18] [purity.not.deterministic.not.sideeffectfree.call] call to non-deterministic side-effecting decisionTable.getRules().stream().flatMap((rule)->{	
final Stream<String> inputVariables = decisionTable.getInputs().stream().map(Input::getCamundaInputVariable);	
return eitherInputTypes.match((validationResult)->Stream.of(validationResult.element(rule).build()), (inputTypes)->typecheck(rule, rule.getInputEntries().stream().map(toplevelExpressionLanguage::toExpression), inputVariables, inputTypes.stream()));	
}).collect not allowed in deterministic side-effect-free method	
[WARNING] /Users/daniel/Documents/WPI-Research/experiments-live/dmn-check-wpi/validators/src/main/java/de/redsix/dmncheck/validators/InputEntryTypeValidator.java:[41,36] [purity.not.deterministic.not.sideeffectfree.call] call to non-deterministic side-effecting Collectors.toList not allowed in deterministic side-effect-free method	
[WARNING] /Users/daniel/Documents/WPI-Research/experiments-live/dmn-check-wpi/validators/src/main/java/de/redsix/dmncheck/validators/InputEntryTypeValidator.java:[19,58] [purity.not.deterministic.not.sideeffectfree.call] call to non-deterministic side-effecting decisionTable.getInputs().stream().allMatch not allowed in deterministic side-effect-free method	
[WARNING] /Users/daniel/Documents/WPI-Research/experiments-live/dmn-check-wpi/validators/src/main/java/de/redsix/dmncheck/validators/InputEntryTypeValidator.java:[19,47] [purity.not.deterministic.not.sideeffectfree.call] call to non-deterministic side-effecting decisionTable.getInputs().stream not allowed in deterministic side-effect-free method	
[WARNING] /Users/daniel/Documents/WPI-Research/experiments-live/dmn-check-wpi/validators/src/main/java/de/redsix/dmncheck/validators/InputEntryTypeValidator.java:[19,38] [purity.not.deterministic.not.sideeffectfree.call] call to non-deterministic side-effecting decisionTable.getInputs not allowed in deterministic side-effect-free method	
[WARNING] /Users/daniel/Documents/WPI-Research/experiments-live/dmn-check-wpi/validators/src/main/java/de/redsix/dmncheck/validators/InputEntryTypeValidator.java:[20,79] [purity.not.deterministic.not.sideeffectfree.call] call to non-deterministic side-effecting input.getInputExpression().getTypeRef not allowed in deterministic side-effect-free method	
[WARNING] /Users/daniel/Documents/WPI-Research/experiments-live/dmn-check-wpi/validators/src/main/java/de/redsix/dmncheck/validators/InputEntryTypeValidator.java:[20,66] [purity.not.deterministic.not.sideeffectfree.call] call to non-deterministic side-effecting input.getInputExpression not allowed in deterministic side-effect-free method	
[WARNING] /Users/daniel/Documents/WPI-Research/experiments-live/dmn-check-wpi/validators/src/main/java/de/redsix/dmncheck/validators/InputEntryTypeValidator.java:[21,107] [purity.not.deterministic.not.sideeffectfree.call] call to non-deterministic side-effecting ExpressionTypeParser.parse(expressionType, validationContext.getItemDefinitions()).match not allowed in deterministic side-effect-free method	
[WARNING] /Users/daniel/Documents/WPI-Research/experiments-live/dmn-check-wpi/validators/src/main/java/de/redsix/dmncheck/validators/InputEntryTypeValidator.java:[21,45] [purity.not.deterministic.not.sideeffectfree.call] call to non-deterministic side-effecting ExpressionTypeParser.parse not allowed in deterministic side-effect-free method	
[WARNING] /Users/daniel/Documents/WPI-Research/experiments-live/dmn-check-wpi/validators/src/main/java/de/redsix/dmncheck/validators/InputEntryTypeValidator.java:[21,98] [purity.not.deterministic.not.sideeffectfree.call] call to non-deterministic side-effecting validationContext.getItemDefinitions not allowed in deterministic side-effect-free method	
[WARNING] /Users/daniel/Documents/WPI-Research/experiments-live/dmn-check-wpi/validators/src/main/java/de/redsix/dmncheck/validators/InputEntryTypeValidator.java:[30,24] [purity.not.deterministic.not.sideeffectfree.call] call to non-deterministic side-effecting decisionTable.getInputs().stream().map((input)->input.getInputExpression().getTypeRef()).map((typeRef)->ExpressionTypeParser.parse(typeRef, validationContext.getItemDefinitions())).collect not allowed in deterministic side-effect-free method	
[WARNING] /Users/daniel/Documents/WPI-Research/experiments-live/dmn-check-wpi/validators/src/main/java/de/redsix/dmncheck/validators/InputEntryTypeValidator.java:[29,20] [purity.not.deterministic.not.sideeffectfree.call] call to non-deterministic side-effecting decisionTable.getInputs().stream().map((input)->input.getInputExpression().getTypeRef()).map not allowed in deterministic side-effect-free method	
[WARNING] /Users/daniel/Documents/WPI-Research/experiments-live/dmn-check-wpi/validators/src/main/java/de/redsix/dmncheck/validators/InputEntryTypeValidator.java:[28,20] [purity.not.deterministic.not.sideeffectfree.call] call to non-deterministic side-effecting decisionTable.getInputs().stream().map not allowed in deterministic side-effect-free method	
[WARNING] /Users/daniel/Documents/WPI-Research/experiments-live/dmn-check-wpi/validators/src/main/java/de/redsix/dmncheck/validators/InputEntryTypeValidator.java:[27,132] [purity.not.deterministic.not.sideeffectfree.call] call to non-deterministic side-effecting decisionTable.getInputs().stream not allowed in deterministic side-effect-free method	
[WARNING] /Users/daniel/Documents/WPI-Research/experiments-live/dmn-check-wpi/validators/src/main/java/de/redsix/dmncheck/validators/InputEntryTypeValidator.java:[27,123] [purity.not.deterministic.not.sideeffectfree.call] call to non-deterministic side-effecting decisionTable.getInputs not allowed in deterministic side-effect-free method	
[WARNING] /Users/daniel/Documents/WPI-Research/experiments-live/dmn-check-wpi/validators/src/main/java/de/redsix/dmncheck/validators/InputEntryTypeValidator.java:[28,67] [purity.not.deterministic.not.sideeffectfree.call] call to non-deterministic side-effecting input.getInputExpression().getTypeRef not allowed in deterministic side-effect-free method	
[WARNING] /Users/daniel/Documents/WPI-Research/experiments-live/dmn-check-wpi/validators/src/main/java/de/redsix/dmncheck/validators/InputEntryTypeValidator.java:[28,54] [purity.not.deterministic.not.sideeffectfree.call] call to non-deterministic side-effecting input.getInputExpression not allowed in deterministic side-effect-free method	
[WARNING] /Users/daniel/Documents/WPI-Research/experiments-live/dmn-check-wpi/validators/src/main/java/de/redsix/dmncheck/validators/InputEntryTypeValidator.java:[29,58] [purity.not.deterministic.not.sideeffectfree.call] call to non-deterministic side-effecting ExpressionTypeParser.parse not allowed in deterministic side-effect-free method	
[WARNING] /Users/daniel/Documents/WPI-Research/experiments-live/dmn-check-wpi/validators/src/main/java/de/redsix/dmncheck/validators/InputEntryTypeValidator.java:[29,104] [purity.not.deterministic.not.sideeffectfree.call] call to non-deterministic side-effecting validationContext.getItemDefinitions not allowed in deterministic side-effect-free method	
[WARNING] /Users/daniel/Documents/WPI-Research/experiments-live/dmn-check-wpi/validators/src/main/java/de/redsix/dmncheck/validators/InputEntryTypeValidator.java:[30,38] [purity.not.deterministic.not.sideeffectfree.call] call to non-deterministic side-effecting Either.reduce not allowed in deterministic side-effect-free method	
[WARNING] /Users/daniel/Documents/WPI-Research/experiments-live/dmn-check-wpi/validators/src/main/java/de/redsix/dmncheck/validators/InputEntryTypeValidator.java:[41,18] [purity.not.deterministic.not.sideeffectfree.call] call to non-deterministic side-effecting decisionTable.getRules().stream().flatMap((rule)->{	
final Stream<String> inputVariables = decisionTable.getInputs().stream().map(Input::getCamundaInputVariable);	
return eitherInputTypes.match((validationResult)->Stream.of(validationResult.element(rule).build()), (inputTypes)->typecheck(rule, rule.getInputEntries().stream().map(toplevelExpressionLanguage::toExpression), inputVariables, inputTypes.stream()));	
}).collect not allowed in deterministic side-effect-free method	
[WARNING] /Users/daniel/Documents/WPI-Research/experiments-live/dmn-check-wpi/validators/src/main/java/de/redsix/dmncheck/validators/InputEntryTypeValidator.java:[32,56] [purity.not.deterministic.not.sideeffectfree.call] call to non-deterministic side-effecting decisionTable.getRules().stream().flatMap not allowed in deterministic side-effect-free method	
[WARNING] /Users/daniel/Documents/WPI-Research/experiments-live/dmn-check-wpi/validators/src/main/java/de/redsix/dmncheck/validators/InputEntryTypeValidator.java:[32,46] [purity.not.deterministic.not.sideeffectfree.call] call to non-deterministic side-effecting decisionTable.getRules().stream not allowed in deterministic side-effect-free method	
[WARNING] /Users/daniel/Documents/WPI-Research/experiments-live/dmn-check-wpi/validators/src/main/java/de/redsix/dmncheck/validators/InputEntryTypeValidator.java:[32,37] [purity.not.deterministic.not.sideeffectfree.call] call to non-deterministic side-effecting decisionTable.getRules not allowed in deterministic side-effect-free method	
[WARNING] /Users/daniel/Documents/WPI-Research/experiments-live/dmn-check-wpi/validators/src/main/java/de/redsix/dmncheck/validators/InputEntryTypeValidator.java:[33,88] [purity.not.deterministic.not.sideeffectfree.call] call to non-deterministic side-effecting decisionTable.getInputs().stream().map not allowed in deterministic side-effect-free method	
[WARNING] /Users/daniel/Documents/WPI-Research/experiments-live/dmn-check-wpi/validators/src/main/java/de/redsix/dmncheck/validators/InputEntryTypeValidator.java:[33,82] [purity.not.deterministic.not.sideeffectfree.call] call to non-deterministic side-effecting decisionTable.getInputs().stream not allowed in deterministic side-effect-free method	
[WARNING] /Users/daniel/Documents/WPI-Research/experiments-live/dmn-check-wpi/server/src/main/java/de/redsix/dmncheck/server/ValidationServer.java:[58,55] [argument] incompatible argument for parameter message of nullsafeError.	
found   : @Initialized @Nullable String	
required: @Initialized @NonNull String	
[WARNING] /Users/daniel/Documents/WPI-Research/experiments-live/dmn-check-wpi/server/src/main/java/de/redsix/dmncheck/server/ValidationServer.java:[60,143] [argument] incompatible argument for parameter message of nullsafeError.	
found   : @Initialized @Nullable String	
required: @Initialized @NonNull String	
[WARNING] /Users/daniel/Documents/WPI-Research/experiments-live/dmn-check-wpi/server/src/main/java/de/redsix/dmncheck/server/ValidationServer.java:[62,55] [argument] incompatible argument for parameter message of nullsafeError.	
found   : @Initialized @Nullable String	
required: @Initialized @NonNull String	
[WARNING] /Users/daniel/Documents/WPI-Research/experiments-live/dmn-check-wpi/server/src/main/java/de/redsix/dmncheck/server/ValidationServer.java:[64,114] [argument] incompatible argument for parameter message of nullsafeError.	
found   : @Initialized @Nullable String	
required: @Initialized @NonNull String	